DEBUG - 2025-04-23 08:08:58 --> Session: Class initialized using 'CodeIgniter\Session\Handlers\FileHandler' driver.
WARNING - 2025-04-23 08:08:58 --> [DEPRECATED] Creation of dynamic property Config\Database::$default is deprecated in APPPATH/Config/Database.php on line 40.
 1 SYSTEMPATH/Config/Factories.php(235): Config\Database->__construct()
 2 SYSTEMPATH/Config/Factories.php(169): CodeIgniter\Config\Factories::createInstance('config', 'Config\\Database', [])
 3 SYSTEMPATH/Config/Factories.php(188): CodeIgniter\Config\Factories::__callStatic('config', [])
 4 SYSTEMPATH/Common.php(210): CodeIgniter\Config\Factories::get('config', 'Config\\Database')
 5 SYSTEMPATH/Database/Config.php(63): config('Config\\Database')
 6 APPPATH/Controllers/Auth.php(107): CodeIgniter\Database\Config::connect()
 7 APPPATH/Controllers/Auth.php(26): App\Controllers\Auth->clearFailedAttempts()
 8 SYSTEMPATH/CodeIgniter.php(933): App\Controllers\Auth->index()
 9 SYSTEMPATH/CodeIgniter.php(507): CodeIgniter\CodeIgniter->runController(Object(App\Controllers\Auth))
10 SYSTEMPATH/CodeIgniter.php(354): CodeIgniter\CodeIgniter->handleRequest(null, Object(Config\Cache), false)
11 SYSTEMPATH/Boot.php(334): CodeIgniter\CodeIgniter->run()
12 SYSTEMPATH/Boot.php(67): CodeIgniter\Boot::runCodeIgniter(Object(CodeIgniter\CodeIgniter))
13 FCPATH/index.php(56): CodeIgniter\Boot::bootWeb(Object(Config\Paths))
14 SYSTEMPATH/rewrite.php(44): require_once('/var/www/html/empower-brgy/public/index.php')
DEBUG - 2025-04-23 08:09:07 --> Session: Class initialized using 'CodeIgniter\Session\Handlers\FileHandler' driver.
WARNING - 2025-04-23 08:09:07 --> [DEPRECATED] Creation of dynamic property Config\Database::$default is deprecated in APPPATH/Config/Database.php on line 40.
 1 SYSTEMPATH/Config/Factories.php(235): Config\Database->__construct()
 2 SYSTEMPATH/Config/Factories.php(169): CodeIgniter\Config\Factories::createInstance('config', 'Config\\Database', [])
 3 SYSTEMPATH/Config/Factories.php(188): CodeIgniter\Config\Factories::__callStatic('config', [])
 4 SYSTEMPATH/Common.php(210): CodeIgniter\Config\Factories::get('config', 'Config\\Database')
 5 SYSTEMPATH/Database/Config.php(63): config('Config\\Database')
 6 SYSTEMPATH/Model.php(155): CodeIgniter\Database\Config::connect(null)
 7 APPPATH/Controllers/Auth.php(35): CodeIgniter\Model->__construct()
 8 SYSTEMPATH/CodeIgniter.php(933): App\Controllers\Auth->auth()
 9 SYSTEMPATH/CodeIgniter.php(507): CodeIgniter\CodeIgniter->runController(Object(App\Controllers\Auth))
10 SYSTEMPATH/CodeIgniter.php(354): CodeIgniter\CodeIgniter->handleRequest(null, Object(Config\Cache), false)
11 SYSTEMPATH/Boot.php(334): CodeIgniter\CodeIgniter->run()
12 SYSTEMPATH/Boot.php(67): CodeIgniter\Boot::runCodeIgniter(Object(CodeIgniter\CodeIgniter))
13 FCPATH/index.php(56): CodeIgniter\Boot::bootWeb(Object(Config\Paths))
14 SYSTEMPATH/rewrite.php(44): require_once('/var/www/html/empower-brgy/public/index.php')
DEBUG - 2025-04-23 08:09:07 --> Session: Class initialized using 'CodeIgniter\Session\Handlers\FileHandler' driver.
WARNING - 2025-04-23 08:09:09 --> [DEPRECATED] Creation of dynamic property Config\Database::$default is deprecated in APPPATH/Config/Database.php on line 40.
 1 SYSTEMPATH/Config/Factories.php(235): Config\Database->__construct()
 2 SYSTEMPATH/Config/Factories.php(169): CodeIgniter\Config\Factories::createInstance('config', 'Config\\Database', [])
 3 SYSTEMPATH/Config/Factories.php(188): CodeIgniter\Config\Factories::__callStatic('config', [])
 4 SYSTEMPATH/Common.php(210): CodeIgniter\Config\Factories::get('config', 'Config\\Database')
 5 SYSTEMPATH/Database/Config.php(63): config('Config\\Database')
 6 SYSTEMPATH/Model.php(155): CodeIgniter\Database\Config::connect(null)
 7 APPPATH/Controllers/Users.php(11): CodeIgniter\Model->__construct()
 8 SYSTEMPATH/CodeIgniter.php(933): App\Controllers\Users->index()
 9 SYSTEMPATH/CodeIgniter.php(507): CodeIgniter\CodeIgniter->runController(Object(App\Controllers\Users))
10 SYSTEMPATH/CodeIgniter.php(354): CodeIgniter\CodeIgniter->handleRequest(null, Object(Config\Cache), false)
11 SYSTEMPATH/Boot.php(334): CodeIgniter\CodeIgniter->run()
12 SYSTEMPATH/Boot.php(67): CodeIgniter\Boot::runCodeIgniter(Object(CodeIgniter\CodeIgniter))
13 FCPATH/index.php(56): CodeIgniter\Boot::bootWeb(Object(Config\Paths))
14 SYSTEMPATH/rewrite.php(44): require_once('/var/www/html/empower-brgy/public/index.php')
DEBUG - 2025-04-23 08:09:09 --> Session: Class initialized using 'CodeIgniter\Session\Handlers\FileHandler' driver.
WARNING - 2025-04-23 08:09:09 --> [DEPRECATED] Creation of dynamic property Config\Database::$default is deprecated in APPPATH/Config/Database.php on line 40.
 1 SYSTEMPATH/Config/Factories.php(235): Config\Database->__construct()
 2 SYSTEMPATH/Config/Factories.php(169): CodeIgniter\Config\Factories::createInstance('config', 'Config\\Database', [])
 3 SYSTEMPATH/Config/Factories.php(188): CodeIgniter\Config\Factories::__callStatic('config', [])
 4 SYSTEMPATH/Common.php(210): CodeIgniter\Config\Factories::get('config', 'Config\\Database')
 5 SYSTEMPATH/Database/Config.php(63): config('Config\\Database')
 6 SYSTEMPATH/Model.php(155): CodeIgniter\Database\Config::connect(null)
 7 APPPATH/Controllers/Users.php(139): CodeIgniter\Model->__construct()
 8 SYSTEMPATH/CodeIgniter.php(933): App\Controllers\Users->fetchUsers()
 9 SYSTEMPATH/CodeIgniter.php(507): CodeIgniter\CodeIgniter->runController(Object(App\Controllers\Users))
10 SYSTEMPATH/CodeIgniter.php(354): CodeIgniter\CodeIgniter->handleRequest(null, Object(Config\Cache), false)
11 SYSTEMPATH/Boot.php(334): CodeIgniter\CodeIgniter->run()
12 SYSTEMPATH/Boot.php(67): CodeIgniter\Boot::runCodeIgniter(Object(CodeIgniter\CodeIgniter))
13 FCPATH/index.php(56): CodeIgniter\Boot::bootWeb(Object(Config\Paths))
14 SYSTEMPATH/rewrite.php(44): require_once('/var/www/html/empower-brgy/public/index.php')
DEBUG - 2025-04-23 08:09:10 --> Session: Class initialized using 'CodeIgniter\Session\Handlers\FileHandler' driver.
WARNING - 2025-04-23 08:09:12 --> [DEPRECATED] Creation of dynamic property Config\Database::$default is deprecated in APPPATH/Config/Database.php on line 40.
 1 SYSTEMPATH/Config/Factories.php(235): Config\Database->__construct()
 2 SYSTEMPATH/Config/Factories.php(169): CodeIgniter\Config\Factories::createInstance('config', 'Config\\Database', [])
 3 SYSTEMPATH/Config/Factories.php(188): CodeIgniter\Config\Factories::__callStatic('config', [])
 4 SYSTEMPATH/Common.php(210): CodeIgniter\Config\Factories::get('config', 'Config\\Database')
 5 SYSTEMPATH/Database/Config.php(63): config('Config\\Database')
 6 SYSTEMPATH/Model.php(155): CodeIgniter\Database\Config::connect(null)
 7 APPPATH/Controllers/Users.php(11): CodeIgniter\Model->__construct()
 8 SYSTEMPATH/CodeIgniter.php(933): App\Controllers\Users->index()
 9 SYSTEMPATH/CodeIgniter.php(507): CodeIgniter\CodeIgniter->runController(Object(App\Controllers\Users))
10 SYSTEMPATH/CodeIgniter.php(354): CodeIgniter\CodeIgniter->handleRequest(null, Object(Config\Cache), false)
11 SYSTEMPATH/Boot.php(334): CodeIgniter\CodeIgniter->run()
12 SYSTEMPATH/Boot.php(67): CodeIgniter\Boot::runCodeIgniter(Object(CodeIgniter\CodeIgniter))
13 FCPATH/index.php(56): CodeIgniter\Boot::bootWeb(Object(Config\Paths))
14 SYSTEMPATH/rewrite.php(44): require_once('/var/www/html/empower-brgy/public/index.php')
DEBUG - 2025-04-23 08:09:12 --> Session: Class initialized using 'CodeIgniter\Session\Handlers\FileHandler' driver.
WARNING - 2025-04-23 08:09:12 --> [DEPRECATED] Creation of dynamic property Config\Database::$default is deprecated in APPPATH/Config/Database.php on line 40.
 1 SYSTEMPATH/Config/Factories.php(235): Config\Database->__construct()
 2 SYSTEMPATH/Config/Factories.php(169): CodeIgniter\Config\Factories::createInstance('config', 'Config\\Database', [])
 3 SYSTEMPATH/Config/Factories.php(188): CodeIgniter\Config\Factories::__callStatic('config', [])
 4 SYSTEMPATH/Common.php(210): CodeIgniter\Config\Factories::get('config', 'Config\\Database')
 5 SYSTEMPATH/Database/Config.php(63): config('Config\\Database')
 6 SYSTEMPATH/Model.php(155): CodeIgniter\Database\Config::connect(null)
 7 APPPATH/Controllers/Users.php(139): CodeIgniter\Model->__construct()
 8 SYSTEMPATH/CodeIgniter.php(933): App\Controllers\Users->fetchUsers()
 9 SYSTEMPATH/CodeIgniter.php(507): CodeIgniter\CodeIgniter->runController(Object(App\Controllers\Users))
10 SYSTEMPATH/CodeIgniter.php(354): CodeIgniter\CodeIgniter->handleRequest(null, Object(Config\Cache), false)
11 SYSTEMPATH/Boot.php(334): CodeIgniter\CodeIgniter->run()
12 SYSTEMPATH/Boot.php(67): CodeIgniter\Boot::runCodeIgniter(Object(CodeIgniter\CodeIgniter))
13 FCPATH/index.php(56): CodeIgniter\Boot::bootWeb(Object(Config\Paths))
14 SYSTEMPATH/rewrite.php(44): require_once('/var/www/html/empower-brgy/public/index.php')
WARNING - 2025-04-23 08:09:13 --> [DEPRECATED] Creation of dynamic property Config\Database::$default is deprecated in APPPATH/Config/Database.php on line 40.
 1 SYSTEMPATH/Config/Factories.php(235): Config\Database->__construct()
 2 SYSTEMPATH/Config/Factories.php(169): CodeIgniter\Config\Factories::createInstance('config', 'Config\\Database', [])
 3 SYSTEMPATH/Config/Factories.php(188): CodeIgniter\Config\Factories::__callStatic('config', [])
 4 SYSTEMPATH/Common.php(210): CodeIgniter\Config\Factories::get('config', 'Config\\Database')
 5 SYSTEMPATH/Database/Config.php(63): config('Config\\Database')
 6 SYSTEMPATH/Model.php(155): CodeIgniter\Database\Config::connect(null)
 7 APPPATH/Controllers/Users.php(111): CodeIgniter\Model->__construct()
 8 SYSTEMPATH/CodeIgniter.php(933): App\Controllers\Users->edit('1')
 9 SYSTEMPATH/CodeIgniter.php(507): CodeIgniter\CodeIgniter->runController(Object(App\Controllers\Users))
10 SYSTEMPATH/CodeIgniter.php(354): CodeIgniter\CodeIgniter->handleRequest(null, Object(Config\Cache), false)
11 SYSTEMPATH/Boot.php(334): CodeIgniter\CodeIgniter->run()
12 SYSTEMPATH/Boot.php(67): CodeIgniter\Boot::runCodeIgniter(Object(CodeIgniter\CodeIgniter))
13 FCPATH/index.php(56): CodeIgniter\Boot::bootWeb(Object(Config\Paths))
14 SYSTEMPATH/rewrite.php(44): require_once('/var/www/html/empower-brgy/public/index.php')
WARNING - 2025-04-23 08:09:14 --> [DEPRECATED] Creation of dynamic property Config\Database::$default is deprecated in APPPATH/Config/Database.php on line 40.
 1 SYSTEMPATH/Config/Factories.php(235): Config\Database->__construct()
 2 SYSTEMPATH/Config/Factories.php(169): CodeIgniter\Config\Factories::createInstance('config', 'Config\\Database', [])
 3 SYSTEMPATH/Config/Factories.php(188): CodeIgniter\Config\Factories::__callStatic('config', [])
 4 SYSTEMPATH/Common.php(210): CodeIgniter\Config\Factories::get('config', 'Config\\Database')
 5 SYSTEMPATH/Database/Config.php(63): config('Config\\Database')
 6 SYSTEMPATH/Model.php(155): CodeIgniter\Database\Config::connect(null)
 7 APPPATH/Controllers/Users.php(55): CodeIgniter\Model->__construct()
 8 SYSTEMPATH/CodeIgniter.php(933): App\Controllers\Users->update()
 9 SYSTEMPATH/CodeIgniter.php(507): CodeIgniter\CodeIgniter->runController(Object(App\Controllers\Users))
10 SYSTEMPATH/CodeIgniter.php(354): CodeIgniter\CodeIgniter->handleRequest(null, Object(Config\Cache), false)
11 SYSTEMPATH/Boot.php(334): CodeIgniter\CodeIgniter->run()
12 SYSTEMPATH/Boot.php(67): CodeIgniter\Boot::runCodeIgniter(Object(CodeIgniter\CodeIgniter))
13 FCPATH/index.php(56): CodeIgniter\Boot::bootWeb(Object(Config\Paths))
14 SYSTEMPATH/rewrite.php(44): require_once('/var/www/html/empower-brgy/public/index.php')
WARNING - 2025-04-23 08:09:15 --> [DEPRECATED] Creation of dynamic property Config\Database::$default is deprecated in APPPATH/Config/Database.php on line 40.
 1 SYSTEMPATH/Config/Factories.php(235): Config\Database->__construct()
 2 SYSTEMPATH/Config/Factories.php(169): CodeIgniter\Config\Factories::createInstance('config', 'Config\\Database', [])
 3 SYSTEMPATH/Config/Factories.php(188): CodeIgniter\Config\Factories::__callStatic('config', [])
 4 SYSTEMPATH/Common.php(210): CodeIgniter\Config\Factories::get('config', 'Config\\Database')
 5 SYSTEMPATH/Database/Config.php(63): config('Config\\Database')
 6 SYSTEMPATH/Model.php(155): CodeIgniter\Database\Config::connect(null)
 7 APPPATH/Controllers/Users.php(11): CodeIgniter\Model->__construct()
 8 SYSTEMPATH/CodeIgniter.php(933): App\Controllers\Users->index()
 9 SYSTEMPATH/CodeIgniter.php(507): CodeIgniter\CodeIgniter->runController(Object(App\Controllers\Users))
10 SYSTEMPATH/CodeIgniter.php(354): CodeIgniter\CodeIgniter->handleRequest(null, Object(Config\Cache), false)
11 SYSTEMPATH/Boot.php(334): CodeIgniter\CodeIgniter->run()
12 SYSTEMPATH/Boot.php(67): CodeIgniter\Boot::runCodeIgniter(Object(CodeIgniter\CodeIgniter))
13 FCPATH/index.php(56): CodeIgniter\Boot::bootWeb(Object(Config\Paths))
14 SYSTEMPATH/rewrite.php(44): require_once('/var/www/html/empower-brgy/public/index.php')
DEBUG - 2025-04-23 08:09:15 --> Session: Class initialized using 'CodeIgniter\Session\Handlers\FileHandler' driver.
WARNING - 2025-04-23 08:09:15 --> [DEPRECATED] Creation of dynamic property Config\Database::$default is deprecated in APPPATH/Config/Database.php on line 40.
 1 SYSTEMPATH/Config/Factories.php(235): Config\Database->__construct()
 2 SYSTEMPATH/Config/Factories.php(169): CodeIgniter\Config\Factories::createInstance('config', 'Config\\Database', [])
 3 SYSTEMPATH/Config/Factories.php(188): CodeIgniter\Config\Factories::__callStatic('config', [])
 4 SYSTEMPATH/Common.php(210): CodeIgniter\Config\Factories::get('config', 'Config\\Database')
 5 SYSTEMPATH/Database/Config.php(63): config('Config\\Database')
 6 SYSTEMPATH/Model.php(155): CodeIgniter\Database\Config::connect(null)
 7 APPPATH/Controllers/Users.php(139): CodeIgniter\Model->__construct()
 8 SYSTEMPATH/CodeIgniter.php(933): App\Controllers\Users->fetchUsers()
 9 SYSTEMPATH/CodeIgniter.php(507): CodeIgniter\CodeIgniter->runController(Object(App\Controllers\Users))
10 SYSTEMPATH/CodeIgniter.php(354): CodeIgniter\CodeIgniter->handleRequest(null, Object(Config\Cache), false)
11 SYSTEMPATH/Boot.php(334): CodeIgniter\CodeIgniter->run()
12 SYSTEMPATH/Boot.php(67): CodeIgniter\Boot::runCodeIgniter(Object(CodeIgniter\CodeIgniter))
13 FCPATH/index.php(56): CodeIgniter\Boot::bootWeb(Object(Config\Paths))
14 SYSTEMPATH/rewrite.php(44): require_once('/var/www/html/empower-brgy/public/index.php')
DEBUG - 2025-04-23 08:09:17 --> Session: Class initialized using 'CodeIgniter\Session\Handlers\FileHandler' driver.
DEBUG - 2025-04-23 08:09:17 --> Session: Class initialized using 'CodeIgniter\Session\Handlers\FileHandler' driver.
WARNING - 2025-04-23 08:09:17 --> [DEPRECATED] Creation of dynamic property Config\Database::$default is deprecated in APPPATH/Config/Database.php on line 40.
 1 SYSTEMPATH/Config/Factories.php(235): Config\Database->__construct()
 2 SYSTEMPATH/Config/Factories.php(169): CodeIgniter\Config\Factories::createInstance('config', 'Config\\Database', [])
 3 SYSTEMPATH/Config/Factories.php(188): CodeIgniter\Config\Factories::__callStatic('config', [])
 4 SYSTEMPATH/Common.php(210): CodeIgniter\Config\Factories::get('config', 'Config\\Database')
 5 SYSTEMPATH/Database/Config.php(63): config('Config\\Database')
 6 APPPATH/Controllers/Auth.php(107): CodeIgniter\Database\Config::connect()
 7 APPPATH/Controllers/Auth.php(26): App\Controllers\Auth->clearFailedAttempts()
 8 SYSTEMPATH/CodeIgniter.php(933): App\Controllers\Auth->index()
 9 SYSTEMPATH/CodeIgniter.php(507): CodeIgniter\CodeIgniter->runController(Object(App\Controllers\Auth))
10 SYSTEMPATH/CodeIgniter.php(354): CodeIgniter\CodeIgniter->handleRequest(null, Object(Config\Cache), false)
11 SYSTEMPATH/Boot.php(334): CodeIgniter\CodeIgniter->run()
12 SYSTEMPATH/Boot.php(67): CodeIgniter\Boot::runCodeIgniter(Object(CodeIgniter\CodeIgniter))
13 FCPATH/index.php(56): CodeIgniter\Boot::bootWeb(Object(Config\Paths))
14 SYSTEMPATH/rewrite.php(44): require_once('/var/www/html/empower-brgy/public/index.php')
DEBUG - 2025-04-23 08:09:20 --> Session: Class initialized using 'CodeIgniter\Session\Handlers\FileHandler' driver.
WARNING - 2025-04-23 08:09:20 --> [DEPRECATED] Creation of dynamic property Config\Database::$default is deprecated in APPPATH/Config/Database.php on line 40.
 1 SYSTEMPATH/Config/Factories.php(235): Config\Database->__construct()
 2 SYSTEMPATH/Config/Factories.php(169): CodeIgniter\Config\Factories::createInstance('config', 'Config\\Database', [])
 3 SYSTEMPATH/Config/Factories.php(188): CodeIgniter\Config\Factories::__callStatic('config', [])
 4 SYSTEMPATH/Common.php(210): CodeIgniter\Config\Factories::get('config', 'Config\\Database')
 5 SYSTEMPATH/Database/Config.php(63): config('Config\\Database')
 6 SYSTEMPATH/Model.php(155): CodeIgniter\Database\Config::connect(null)
 7 APPPATH/Controllers/Auth.php(35): CodeIgniter\Model->__construct()
 8 SYSTEMPATH/CodeIgniter.php(933): App\Controllers\Auth->auth()
 9 SYSTEMPATH/CodeIgniter.php(507): CodeIgniter\CodeIgniter->runController(Object(App\Controllers\Auth))
10 SYSTEMPATH/CodeIgniter.php(354): CodeIgniter\CodeIgniter->handleRequest(null, Object(Config\Cache), false)
11 SYSTEMPATH/Boot.php(334): CodeIgniter\CodeIgniter->run()
12 SYSTEMPATH/Boot.php(67): CodeIgniter\Boot::runCodeIgniter(Object(CodeIgniter\CodeIgniter))
13 FCPATH/index.php(56): CodeIgniter\Boot::bootWeb(Object(Config\Paths))
14 SYSTEMPATH/rewrite.php(44): require_once('/var/www/html/empower-brgy/public/index.php')
ERROR - 2025-04-23 08:09:20 --> mysqli_sql_exception: Unknown column 'user_agent' in 'field list' in /var/www/html/empower-brgy/vendor/codeigniter4/framework/system/Database/MySQLi/Connection.php:327
Stack trace:
#0 /var/www/html/empower-brgy/vendor/codeigniter4/framework/system/Database/MySQLi/Connection.php(327): mysqli->query()
#1 /var/www/html/empower-brgy/vendor/codeigniter4/framework/system/Database/BaseConnection.php(738): CodeIgniter\Database\MySQLi\Connection->execute()
#2 /var/www/html/empower-brgy/vendor/codeigniter4/framework/system/Database/BaseConnection.php(652): CodeIgniter\Database\BaseConnection->simpleQuery()
#3 /var/www/html/empower-brgy/vendor/codeigniter4/framework/system/Database/BaseBuilder.php(2345): CodeIgniter\Database\BaseConnection->query()
#4 /var/www/html/empower-brgy/app/Controllers/Auth.php(87): CodeIgniter\Database\BaseBuilder->insert()
#5 /var/www/html/empower-brgy/vendor/codeigniter4/framework/system/CodeIgniter.php(933): App\Controllers\Auth->auth()
#6 /var/www/html/empower-brgy/vendor/codeigniter4/framework/system/CodeIgniter.php(507): CodeIgniter\CodeIgniter->runController()
#7 /var/www/html/empower-brgy/vendor/codeigniter4/framework/system/CodeIgniter.php(354): CodeIgniter\CodeIgniter->handleRequest()
#8 /var/www/html/empower-brgy/vendor/codeigniter4/framework/system/Boot.php(334): CodeIgniter\CodeIgniter->run()
#9 /var/www/html/empower-brgy/vendor/codeigniter4/framework/system/Boot.php(67): CodeIgniter\Boot::runCodeIgniter()
#10 /var/www/html/empower-brgy/public/index.php(56): CodeIgniter\Boot::bootWeb()
#11 /var/www/html/empower-brgy/vendor/codeigniter4/framework/system/rewrite.php(44): require_once('...')
#12 {main}
CRITICAL - 2025-04-23 08:09:20 --> CodeIgniter\Database\Exceptions\DatabaseException: Unknown column 'user_agent' in 'field list'
[Method: POST, Route: auth]
in SYSTEMPATH/Database/BaseConnection.php on line 692.
 1 SYSTEMPATH/Database/BaseBuilder.php(2345): CodeIgniter\Database\BaseConnection->query()
 2 APPPATH/Controllers/Auth.php(87): CodeIgniter\Database\BaseBuilder->insert()
 3 SYSTEMPATH/CodeIgniter.php(933): App\Controllers\Auth->auth()
 4 SYSTEMPATH/CodeIgniter.php(507): CodeIgniter\CodeIgniter->runController()
 5 SYSTEMPATH/CodeIgniter.php(354): CodeIgniter\CodeIgniter->handleRequest()
 6 SYSTEMPATH/Boot.php(334): CodeIgniter\CodeIgniter->run()
 7 SYSTEMPATH/Boot.php(67): CodeIgniter\Boot::runCodeIgniter()
 8 FCPATH/index.php(56): CodeIgniter\Boot::bootWeb()
 9 SYSTEMPATH/rewrite.php(44): require_once('/var/www/html/empower-brgy/public/index.php')
CRITICAL - 2025-04-23 08:09:20 --> [Caused by] CodeIgniter\Database\Exceptions\DatabaseException: Unknown column 'user_agent' in 'field list'
in SYSTEMPATH/Database/MySQLi/Connection.php on line 332.
 1 SYSTEMPATH/Database/BaseConnection.php(738): CodeIgniter\Database\MySQLi\Connection->execute()
 2 SYSTEMPATH/Database/BaseConnection.php(652): CodeIgniter\Database\BaseConnection->simpleQuery()
 3 SYSTEMPATH/Database/BaseBuilder.php(2345): CodeIgniter\Database\BaseConnection->query()
 4 APPPATH/Controllers/Auth.php(87): CodeIgniter\Database\BaseBuilder->insert()
 5 SYSTEMPATH/CodeIgniter.php(933): App\Controllers\Auth->auth()
 6 SYSTEMPATH/CodeIgniter.php(507): CodeIgniter\CodeIgniter->runController()
 7 SYSTEMPATH/CodeIgniter.php(354): CodeIgniter\CodeIgniter->handleRequest()
 8 SYSTEMPATH/Boot.php(334): CodeIgniter\CodeIgniter->run()
 9 SYSTEMPATH/Boot.php(67): CodeIgniter\Boot::runCodeIgniter()
10 FCPATH/index.php(56): CodeIgniter\Boot::bootWeb()
11 SYSTEMPATH/rewrite.php(44): require_once('/var/www/html/empower-brgy/public/index.php')
CRITICAL - 2025-04-23 08:09:20 --> [Caused by] mysqli_sql_exception: Unknown column 'user_agent' in 'field list'
in SYSTEMPATH/Database/MySQLi/Connection.php on line 327.
 1 SYSTEMPATH/Database/MySQLi/Connection.php(327): mysqli->query()
 2 SYSTEMPATH/Database/BaseConnection.php(738): CodeIgniter\Database\MySQLi\Connection->execute()
 3 SYSTEMPATH/Database/BaseConnection.php(652): CodeIgniter\Database\BaseConnection->simpleQuery()
 4 SYSTEMPATH/Database/BaseBuilder.php(2345): CodeIgniter\Database\BaseConnection->query()
 5 APPPATH/Controllers/Auth.php(87): CodeIgniter\Database\BaseBuilder->insert()
 6 SYSTEMPATH/CodeIgniter.php(933): App\Controllers\Auth->auth()
 7 SYSTEMPATH/CodeIgniter.php(507): CodeIgniter\CodeIgniter->runController()
 8 SYSTEMPATH/CodeIgniter.php(354): CodeIgniter\CodeIgniter->handleRequest()
 9 SYSTEMPATH/Boot.php(334): CodeIgniter\CodeIgniter->run()
10 SYSTEMPATH/Boot.php(67): CodeIgniter\Boot::runCodeIgniter()
11 FCPATH/index.php(56): CodeIgniter\Boot::bootWeb()
12 SYSTEMPATH/rewrite.php(44): require_once('/var/www/html/empower-brgy/public/index.php')
DEBUG - 2025-04-23 08:11:32 --> Session: Class initialized using 'CodeIgniter\Session\Handlers\FileHandler' driver.
WARNING - 2025-04-23 08:11:32 --> [DEPRECATED] Creation of dynamic property Config\Database::$default is deprecated in APPPATH/Config/Database.php on line 40.
 1 SYSTEMPATH/Config/Factories.php(235): Config\Database->__construct()
 2 SYSTEMPATH/Config/Factories.php(169): CodeIgniter\Config\Factories::createInstance('config', 'Config\\Database', [])
 3 SYSTEMPATH/Config/Factories.php(188): CodeIgniter\Config\Factories::__callStatic('config', [])
 4 SYSTEMPATH/Common.php(210): CodeIgniter\Config\Factories::get('config', 'Config\\Database')
 5 SYSTEMPATH/Database/Config.php(63): config('Config\\Database')
 6 APPPATH/Controllers/Auth.php(107): CodeIgniter\Database\Config::connect()
 7 APPPATH/Controllers/Auth.php(26): App\Controllers\Auth->clearFailedAttempts()
 8 SYSTEMPATH/CodeIgniter.php(933): App\Controllers\Auth->index()
 9 SYSTEMPATH/CodeIgniter.php(507): CodeIgniter\CodeIgniter->runController(Object(App\Controllers\Auth))
10 SYSTEMPATH/CodeIgniter.php(354): CodeIgniter\CodeIgniter->handleRequest(null, Object(Config\Cache), false)
11 SYSTEMPATH/Boot.php(334): CodeIgniter\CodeIgniter->run()
12 SYSTEMPATH/Boot.php(67): CodeIgniter\Boot::runCodeIgniter(Object(CodeIgniter\CodeIgniter))
13 FCPATH/index.php(56): CodeIgniter\Boot::bootWeb(Object(Config\Paths))
14 SYSTEMPATH/rewrite.php(44): require_once('/var/www/html/empower-brgy/public/index.php')
DEBUG - 2025-04-23 08:11:33 --> Session: Class initialized using 'CodeIgniter\Session\Handlers\FileHandler' driver.
WARNING - 2025-04-23 08:11:33 --> [DEPRECATED] Creation of dynamic property Config\Database::$default is deprecated in APPPATH/Config/Database.php on line 40.
 1 SYSTEMPATH/Config/Factories.php(235): Config\Database->__construct()
 2 SYSTEMPATH/Config/Factories.php(169): CodeIgniter\Config\Factories::createInstance('config', 'Config\\Database', [])
 3 SYSTEMPATH/Config/Factories.php(188): CodeIgniter\Config\Factories::__callStatic('config', [])
 4 SYSTEMPATH/Common.php(210): CodeIgniter\Config\Factories::get('config', 'Config\\Database')
 5 SYSTEMPATH/Database/Config.php(63): config('Config\\Database')
 6 APPPATH/Controllers/Auth.php(107): CodeIgniter\Database\Config::connect()
 7 APPPATH/Controllers/Auth.php(26): App\Controllers\Auth->clearFailedAttempts()
 8 SYSTEMPATH/CodeIgniter.php(933): App\Controllers\Auth->index()
 9 SYSTEMPATH/CodeIgniter.php(507): CodeIgniter\CodeIgniter->runController(Object(App\Controllers\Auth))
10 SYSTEMPATH/CodeIgniter.php(354): CodeIgniter\CodeIgniter->handleRequest(null, Object(Config\Cache), false)
11 SYSTEMPATH/Boot.php(334): CodeIgniter\CodeIgniter->run()
12 SYSTEMPATH/Boot.php(67): CodeIgniter\Boot::runCodeIgniter(Object(CodeIgniter\CodeIgniter))
13 FCPATH/index.php(56): CodeIgniter\Boot::bootWeb(Object(Config\Paths))
14 SYSTEMPATH/rewrite.php(44): require_once('/var/www/html/empower-brgy/public/index.php')
DEBUG - 2025-04-23 08:11:33 --> Session: Class initialized using 'CodeIgniter\Session\Handlers\FileHandler' driver.
WARNING - 2025-04-23 08:11:33 --> [DEPRECATED] Creation of dynamic property Config\Database::$default is deprecated in APPPATH/Config/Database.php on line 40.
 1 SYSTEMPATH/Config/Factories.php(235): Config\Database->__construct()
 2 SYSTEMPATH/Config/Factories.php(169): CodeIgniter\Config\Factories::createInstance('config', 'Config\\Database', [])
 3 SYSTEMPATH/Config/Factories.php(188): CodeIgniter\Config\Factories::__callStatic('config', [])
 4 SYSTEMPATH/Common.php(210): CodeIgniter\Config\Factories::get('config', 'Config\\Database')
 5 SYSTEMPATH/Database/Config.php(63): config('Config\\Database')
 6 APPPATH/Controllers/Auth.php(107): CodeIgniter\Database\Config::connect()
 7 APPPATH/Controllers/Auth.php(26): App\Controllers\Auth->clearFailedAttempts()
 8 SYSTEMPATH/CodeIgniter.php(933): App\Controllers\Auth->index()
 9 SYSTEMPATH/CodeIgniter.php(507): CodeIgniter\CodeIgniter->runController(Object(App\Controllers\Auth))
10 SYSTEMPATH/CodeIgniter.php(354): CodeIgniter\CodeIgniter->handleRequest(null, Object(Config\Cache), false)
11 SYSTEMPATH/Boot.php(334): CodeIgniter\CodeIgniter->run()
12 SYSTEMPATH/Boot.php(67): CodeIgniter\Boot::runCodeIgniter(Object(CodeIgniter\CodeIgniter))
13 FCPATH/index.php(56): CodeIgniter\Boot::bootWeb(Object(Config\Paths))
14 SYSTEMPATH/rewrite.php(44): require_once('/var/www/html/empower-brgy/public/index.php')
DEBUG - 2025-04-23 08:11:40 --> Session: Class initialized using 'CodeIgniter\Session\Handlers\FileHandler' driver.
WARNING - 2025-04-23 08:11:40 --> [DEPRECATED] Creation of dynamic property Config\Database::$default is deprecated in APPPATH/Config/Database.php on line 40.
 1 SYSTEMPATH/Config/Factories.php(235): Config\Database->__construct()
 2 SYSTEMPATH/Config/Factories.php(169): CodeIgniter\Config\Factories::createInstance('config', 'Config\\Database', [])
 3 SYSTEMPATH/Config/Factories.php(188): CodeIgniter\Config\Factories::__callStatic('config', [])
 4 SYSTEMPATH/Common.php(210): CodeIgniter\Config\Factories::get('config', 'Config\\Database')
 5 SYSTEMPATH/Database/Config.php(63): config('Config\\Database')
 6 SYSTEMPATH/Model.php(155): CodeIgniter\Database\Config::connect(null)
 7 APPPATH/Controllers/Auth.php(35): CodeIgniter\Model->__construct()
 8 SYSTEMPATH/CodeIgniter.php(933): App\Controllers\Auth->auth()
 9 SYSTEMPATH/CodeIgniter.php(507): CodeIgniter\CodeIgniter->runController(Object(App\Controllers\Auth))
10 SYSTEMPATH/CodeIgniter.php(354): CodeIgniter\CodeIgniter->handleRequest(null, Object(Config\Cache), false)
11 SYSTEMPATH/Boot.php(334): CodeIgniter\CodeIgniter->run()
12 SYSTEMPATH/Boot.php(67): CodeIgniter\Boot::runCodeIgniter(Object(CodeIgniter\CodeIgniter))
13 FCPATH/index.php(56): CodeIgniter\Boot::bootWeb(Object(Config\Paths))
14 SYSTEMPATH/rewrite.php(44): require_once('/var/www/html/empower-brgy/public/index.php')
ERROR - 2025-04-23 08:11:40 --> mysqli_sql_exception: Unknown column 'user_agent' in 'field list' in /var/www/html/empower-brgy/vendor/codeigniter4/framework/system/Database/MySQLi/Connection.php:327
Stack trace:
#0 /var/www/html/empower-brgy/vendor/codeigniter4/framework/system/Database/MySQLi/Connection.php(327): mysqli->query()
#1 /var/www/html/empower-brgy/vendor/codeigniter4/framework/system/Database/BaseConnection.php(738): CodeIgniter\Database\MySQLi\Connection->execute()
#2 /var/www/html/empower-brgy/vendor/codeigniter4/framework/system/Database/BaseConnection.php(652): CodeIgniter\Database\BaseConnection->simpleQuery()
#3 /var/www/html/empower-brgy/vendor/codeigniter4/framework/system/Database/BaseBuilder.php(2345): CodeIgniter\Database\BaseConnection->query()
#4 /var/www/html/empower-brgy/app/Controllers/Auth.php(87): CodeIgniter\Database\BaseBuilder->insert()
#5 /var/www/html/empower-brgy/vendor/codeigniter4/framework/system/CodeIgniter.php(933): App\Controllers\Auth->auth()
#6 /var/www/html/empower-brgy/vendor/codeigniter4/framework/system/CodeIgniter.php(507): CodeIgniter\CodeIgniter->runController()
#7 /var/www/html/empower-brgy/vendor/codeigniter4/framework/system/CodeIgniter.php(354): CodeIgniter\CodeIgniter->handleRequest()
#8 /var/www/html/empower-brgy/vendor/codeigniter4/framework/system/Boot.php(334): CodeIgniter\CodeIgniter->run()
#9 /var/www/html/empower-brgy/vendor/codeigniter4/framework/system/Boot.php(67): CodeIgniter\Boot::runCodeIgniter()
#10 /var/www/html/empower-brgy/public/index.php(56): CodeIgniter\Boot::bootWeb()
#11 /var/www/html/empower-brgy/vendor/codeigniter4/framework/system/rewrite.php(44): require_once('...')
#12 {main}
CRITICAL - 2025-04-23 08:11:40 --> CodeIgniter\Database\Exceptions\DatabaseException: Unknown column 'user_agent' in 'field list'
[Method: POST, Route: auth]
in SYSTEMPATH/Database/BaseConnection.php on line 692.
 1 SYSTEMPATH/Database/BaseBuilder.php(2345): CodeIgniter\Database\BaseConnection->query()
 2 APPPATH/Controllers/Auth.php(87): CodeIgniter\Database\BaseBuilder->insert()
 3 SYSTEMPATH/CodeIgniter.php(933): App\Controllers\Auth->auth()
 4 SYSTEMPATH/CodeIgniter.php(507): CodeIgniter\CodeIgniter->runController()
 5 SYSTEMPATH/CodeIgniter.php(354): CodeIgniter\CodeIgniter->handleRequest()
 6 SYSTEMPATH/Boot.php(334): CodeIgniter\CodeIgniter->run()
 7 SYSTEMPATH/Boot.php(67): CodeIgniter\Boot::runCodeIgniter()
 8 FCPATH/index.php(56): CodeIgniter\Boot::bootWeb()
 9 SYSTEMPATH/rewrite.php(44): require_once('/var/www/html/empower-brgy/public/index.php')
CRITICAL - 2025-04-23 08:11:40 --> [Caused by] CodeIgniter\Database\Exceptions\DatabaseException: Unknown column 'user_agent' in 'field list'
in SYSTEMPATH/Database/MySQLi/Connection.php on line 332.
 1 SYSTEMPATH/Database/BaseConnection.php(738): CodeIgniter\Database\MySQLi\Connection->execute()
 2 SYSTEMPATH/Database/BaseConnection.php(652): CodeIgniter\Database\BaseConnection->simpleQuery()
 3 SYSTEMPATH/Database/BaseBuilder.php(2345): CodeIgniter\Database\BaseConnection->query()
 4 APPPATH/Controllers/Auth.php(87): CodeIgniter\Database\BaseBuilder->insert()
 5 SYSTEMPATH/CodeIgniter.php(933): App\Controllers\Auth->auth()
 6 SYSTEMPATH/CodeIgniter.php(507): CodeIgniter\CodeIgniter->runController()
 7 SYSTEMPATH/CodeIgniter.php(354): CodeIgniter\CodeIgniter->handleRequest()
 8 SYSTEMPATH/Boot.php(334): CodeIgniter\CodeIgniter->run()
 9 SYSTEMPATH/Boot.php(67): CodeIgniter\Boot::runCodeIgniter()
10 FCPATH/index.php(56): CodeIgniter\Boot::bootWeb()
11 SYSTEMPATH/rewrite.php(44): require_once('/var/www/html/empower-brgy/public/index.php')
CRITICAL - 2025-04-23 08:11:40 --> [Caused by] mysqli_sql_exception: Unknown column 'user_agent' in 'field list'
in SYSTEMPATH/Database/MySQLi/Connection.php on line 327.
 1 SYSTEMPATH/Database/MySQLi/Connection.php(327): mysqli->query()
 2 SYSTEMPATH/Database/BaseConnection.php(738): CodeIgniter\Database\MySQLi\Connection->execute()
 3 SYSTEMPATH/Database/BaseConnection.php(652): CodeIgniter\Database\BaseConnection->simpleQuery()
 4 SYSTEMPATH/Database/BaseBuilder.php(2345): CodeIgniter\Database\BaseConnection->query()
 5 APPPATH/Controllers/Auth.php(87): CodeIgniter\Database\BaseBuilder->insert()
 6 SYSTEMPATH/CodeIgniter.php(933): App\Controllers\Auth->auth()
 7 SYSTEMPATH/CodeIgniter.php(507): CodeIgniter\CodeIgniter->runController()
 8 SYSTEMPATH/CodeIgniter.php(354): CodeIgniter\CodeIgniter->handleRequest()
 9 SYSTEMPATH/Boot.php(334): CodeIgniter\CodeIgniter->run()
10 SYSTEMPATH/Boot.php(67): CodeIgniter\Boot::runCodeIgniter()
11 FCPATH/index.php(56): CodeIgniter\Boot::bootWeb()
12 SYSTEMPATH/rewrite.php(44): require_once('/var/www/html/empower-brgy/public/index.php')
DEBUG - 2025-04-23 08:14:04 --> Session: Class initialized using 'CodeIgniter\Session\Handlers\FileHandler' driver.
WARNING - 2025-04-23 08:14:04 --> [DEPRECATED] Creation of dynamic property Config\Database::$default is deprecated in APPPATH/Config/Database.php on line 40.
 1 SYSTEMPATH/Config/Factories.php(235): Config\Database->__construct()
 2 SYSTEMPATH/Config/Factories.php(169): CodeIgniter\Config\Factories::createInstance('config', 'Config\\Database', [])
 3 SYSTEMPATH/Config/Factories.php(188): CodeIgniter\Config\Factories::__callStatic('config', [])
 4 SYSTEMPATH/Common.php(210): CodeIgniter\Config\Factories::get('config', 'Config\\Database')
 5 SYSTEMPATH/Database/Config.php(63): config('Config\\Database')
 6 APPPATH/Controllers/Auth.php(107): CodeIgniter\Database\Config::connect()
 7 APPPATH/Controllers/Auth.php(26): App\Controllers\Auth->clearFailedAttempts()
 8 SYSTEMPATH/CodeIgniter.php(933): App\Controllers\Auth->index()
 9 SYSTEMPATH/CodeIgniter.php(507): CodeIgniter\CodeIgniter->runController(Object(App\Controllers\Auth))
10 SYSTEMPATH/CodeIgniter.php(354): CodeIgniter\CodeIgniter->handleRequest(null, Object(Config\Cache), false)
11 SYSTEMPATH/Boot.php(334): CodeIgniter\CodeIgniter->run()
12 SYSTEMPATH/Boot.php(67): CodeIgniter\Boot::runCodeIgniter(Object(CodeIgniter\CodeIgniter))
13 FCPATH/index.php(56): CodeIgniter\Boot::bootWeb(Object(Config\Paths))
14 SYSTEMPATH/rewrite.php(44): require_once('/var/www/html/empower-brgy/public/index.php')
DEBUG - 2025-04-23 08:14:04 --> Session: Class initialized using 'CodeIgniter\Session\Handlers\FileHandler' driver.
WARNING - 2025-04-23 08:14:04 --> [DEPRECATED] Creation of dynamic property Config\Database::$default is deprecated in APPPATH/Config/Database.php on line 40.
 1 SYSTEMPATH/Config/Factories.php(235): Config\Database->__construct()
 2 SYSTEMPATH/Config/Factories.php(169): CodeIgniter\Config\Factories::createInstance('config', 'Config\\Database', [])
 3 SYSTEMPATH/Config/Factories.php(188): CodeIgniter\Config\Factories::__callStatic('config', [])
 4 SYSTEMPATH/Common.php(210): CodeIgniter\Config\Factories::get('config', 'Config\\Database')
 5 SYSTEMPATH/Database/Config.php(63): config('Config\\Database')
 6 APPPATH/Controllers/Auth.php(107): CodeIgniter\Database\Config::connect()
 7 APPPATH/Controllers/Auth.php(26): App\Controllers\Auth->clearFailedAttempts()
 8 SYSTEMPATH/CodeIgniter.php(933): App\Controllers\Auth->index()
 9 SYSTEMPATH/CodeIgniter.php(507): CodeIgniter\CodeIgniter->runController(Object(App\Controllers\Auth))
10 SYSTEMPATH/CodeIgniter.php(354): CodeIgniter\CodeIgniter->handleRequest(null, Object(Config\Cache), false)
11 SYSTEMPATH/Boot.php(334): CodeIgniter\CodeIgniter->run()
12 SYSTEMPATH/Boot.php(67): CodeIgniter\Boot::runCodeIgniter(Object(CodeIgniter\CodeIgniter))
13 FCPATH/index.php(56): CodeIgniter\Boot::bootWeb(Object(Config\Paths))
14 SYSTEMPATH/rewrite.php(44): require_once('/var/www/html/empower-brgy/public/index.php')
DEBUG - 2025-04-23 08:14:04 --> Session: Class initialized using 'CodeIgniter\Session\Handlers\FileHandler' driver.
WARNING - 2025-04-23 08:14:04 --> [DEPRECATED] Creation of dynamic property Config\Database::$default is deprecated in APPPATH/Config/Database.php on line 40.
 1 SYSTEMPATH/Config/Factories.php(235): Config\Database->__construct()
 2 SYSTEMPATH/Config/Factories.php(169): CodeIgniter\Config\Factories::createInstance('config', 'Config\\Database', [])
 3 SYSTEMPATH/Config/Factories.php(188): CodeIgniter\Config\Factories::__callStatic('config', [])
 4 SYSTEMPATH/Common.php(210): CodeIgniter\Config\Factories::get('config', 'Config\\Database')
 5 SYSTEMPATH/Database/Config.php(63): config('Config\\Database')
 6 APPPATH/Controllers/Auth.php(107): CodeIgniter\Database\Config::connect()
 7 APPPATH/Controllers/Auth.php(26): App\Controllers\Auth->clearFailedAttempts()
 8 SYSTEMPATH/CodeIgniter.php(933): App\Controllers\Auth->index()
 9 SYSTEMPATH/CodeIgniter.php(507): CodeIgniter\CodeIgniter->runController(Object(App\Controllers\Auth))
10 SYSTEMPATH/CodeIgniter.php(354): CodeIgniter\CodeIgniter->handleRequest(null, Object(Config\Cache), false)
11 SYSTEMPATH/Boot.php(334): CodeIgniter\CodeIgniter->run()
12 SYSTEMPATH/Boot.php(67): CodeIgniter\Boot::runCodeIgniter(Object(CodeIgniter\CodeIgniter))
13 FCPATH/index.php(56): CodeIgniter\Boot::bootWeb(Object(Config\Paths))
14 SYSTEMPATH/rewrite.php(44): require_once('/var/www/html/empower-brgy/public/index.php')
DEBUG - 2025-04-23 08:14:04 --> Session: Class initialized using 'CodeIgniter\Session\Handlers\FileHandler' driver.
WARNING - 2025-04-23 08:14:04 --> [DEPRECATED] Creation of dynamic property Config\Database::$default is deprecated in APPPATH/Config/Database.php on line 40.
 1 SYSTEMPATH/Config/Factories.php(235): Config\Database->__construct()
 2 SYSTEMPATH/Config/Factories.php(169): CodeIgniter\Config\Factories::createInstance('config', 'Config\\Database', [])
 3 SYSTEMPATH/Config/Factories.php(188): CodeIgniter\Config\Factories::__callStatic('config', [])
 4 SYSTEMPATH/Common.php(210): CodeIgniter\Config\Factories::get('config', 'Config\\Database')
 5 SYSTEMPATH/Database/Config.php(63): config('Config\\Database')
 6 APPPATH/Controllers/Auth.php(107): CodeIgniter\Database\Config::connect()
 7 APPPATH/Controllers/Auth.php(26): App\Controllers\Auth->clearFailedAttempts()
 8 SYSTEMPATH/CodeIgniter.php(933): App\Controllers\Auth->index()
 9 SYSTEMPATH/CodeIgniter.php(507): CodeIgniter\CodeIgniter->runController(Object(App\Controllers\Auth))
10 SYSTEMPATH/CodeIgniter.php(354): CodeIgniter\CodeIgniter->handleRequest(null, Object(Config\Cache), false)
11 SYSTEMPATH/Boot.php(334): CodeIgniter\CodeIgniter->run()
12 SYSTEMPATH/Boot.php(67): CodeIgniter\Boot::runCodeIgniter(Object(CodeIgniter\CodeIgniter))
13 FCPATH/index.php(56): CodeIgniter\Boot::bootWeb(Object(Config\Paths))
14 SYSTEMPATH/rewrite.php(44): require_once('/var/www/html/empower-brgy/public/index.php')
DEBUG - 2025-04-23 08:14:05 --> Session: Class initialized using 'CodeIgniter\Session\Handlers\FileHandler' driver.
WARNING - 2025-04-23 08:14:05 --> [DEPRECATED] Creation of dynamic property Config\Database::$default is deprecated in APPPATH/Config/Database.php on line 40.
 1 SYSTEMPATH/Config/Factories.php(235): Config\Database->__construct()
 2 SYSTEMPATH/Config/Factories.php(169): CodeIgniter\Config\Factories::createInstance('config', 'Config\\Database', [])
 3 SYSTEMPATH/Config/Factories.php(188): CodeIgniter\Config\Factories::__callStatic('config', [])
 4 SYSTEMPATH/Common.php(210): CodeIgniter\Config\Factories::get('config', 'Config\\Database')
 5 SYSTEMPATH/Database/Config.php(63): config('Config\\Database')
 6 APPPATH/Controllers/Auth.php(107): CodeIgniter\Database\Config::connect()
 7 APPPATH/Controllers/Auth.php(26): App\Controllers\Auth->clearFailedAttempts()
 8 SYSTEMPATH/CodeIgniter.php(933): App\Controllers\Auth->index()
 9 SYSTEMPATH/CodeIgniter.php(507): CodeIgniter\CodeIgniter->runController(Object(App\Controllers\Auth))
10 SYSTEMPATH/CodeIgniter.php(354): CodeIgniter\CodeIgniter->handleRequest(null, Object(Config\Cache), false)
11 SYSTEMPATH/Boot.php(334): CodeIgniter\CodeIgniter->run()
12 SYSTEMPATH/Boot.php(67): CodeIgniter\Boot::runCodeIgniter(Object(CodeIgniter\CodeIgniter))
13 FCPATH/index.php(56): CodeIgniter\Boot::bootWeb(Object(Config\Paths))
14 SYSTEMPATH/rewrite.php(44): require_once('/var/www/html/empower-brgy/public/index.php')
DEBUG - 2025-04-23 08:14:07 --> Session: Class initialized using 'CodeIgniter\Session\Handlers\FileHandler' driver.
WARNING - 2025-04-23 08:14:07 --> [DEPRECATED] Creation of dynamic property Config\Database::$default is deprecated in APPPATH/Config/Database.php on line 40.
 1 SYSTEMPATH/Config/Factories.php(235): Config\Database->__construct()
 2 SYSTEMPATH/Config/Factories.php(169): CodeIgniter\Config\Factories::createInstance('config', 'Config\\Database', [])
 3 SYSTEMPATH/Config/Factories.php(188): CodeIgniter\Config\Factories::__callStatic('config', [])
 4 SYSTEMPATH/Common.php(210): CodeIgniter\Config\Factories::get('config', 'Config\\Database')
 5 SYSTEMPATH/Database/Config.php(63): config('Config\\Database')
 6 SYSTEMPATH/Model.php(155): CodeIgniter\Database\Config::connect(null)
 7 APPPATH/Controllers/Auth.php(35): CodeIgniter\Model->__construct()
 8 SYSTEMPATH/CodeIgniter.php(933): App\Controllers\Auth->auth()
 9 SYSTEMPATH/CodeIgniter.php(507): CodeIgniter\CodeIgniter->runController(Object(App\Controllers\Auth))
10 SYSTEMPATH/CodeIgniter.php(354): CodeIgniter\CodeIgniter->handleRequest(null, Object(Config\Cache), false)
11 SYSTEMPATH/Boot.php(334): CodeIgniter\CodeIgniter->run()
12 SYSTEMPATH/Boot.php(67): CodeIgniter\Boot::runCodeIgniter(Object(CodeIgniter\CodeIgniter))
13 FCPATH/index.php(56): CodeIgniter\Boot::bootWeb(Object(Config\Paths))
14 SYSTEMPATH/rewrite.php(44): require_once('/var/www/html/empower-brgy/public/index.php')
DEBUG - 2025-04-23 08:14:07 --> Session: Class initialized using 'CodeIgniter\Session\Handlers\FileHandler' driver.
WARNING - 2025-04-23 08:14:07 --> [DEPRECATED] Creation of dynamic property Config\Database::$default is deprecated in APPPATH/Config/Database.php on line 40.
 1 SYSTEMPATH/Config/Factories.php(235): Config\Database->__construct()
 2 SYSTEMPATH/Config/Factories.php(169): CodeIgniter\Config\Factories::createInstance('config', 'Config\\Database', [])
 3 SYSTEMPATH/Config/Factories.php(188): CodeIgniter\Config\Factories::__callStatic('config', [])
 4 SYSTEMPATH/Common.php(210): CodeIgniter\Config\Factories::get('config', 'Config\\Database')
 5 SYSTEMPATH/Database/Config.php(63): config('Config\\Database')
 6 APPPATH/Controllers/Auth.php(107): CodeIgniter\Database\Config::connect()
 7 APPPATH/Controllers/Auth.php(26): App\Controllers\Auth->clearFailedAttempts()
 8 SYSTEMPATH/CodeIgniter.php(933): App\Controllers\Auth->index()
 9 SYSTEMPATH/CodeIgniter.php(507): CodeIgniter\CodeIgniter->runController(Object(App\Controllers\Auth))
10 SYSTEMPATH/CodeIgniter.php(354): CodeIgniter\CodeIgniter->handleRequest(null, Object(Config\Cache), false)
11 SYSTEMPATH/Boot.php(334): CodeIgniter\CodeIgniter->run()
12 SYSTEMPATH/Boot.php(67): CodeIgniter\Boot::runCodeIgniter(Object(CodeIgniter\CodeIgniter))
13 FCPATH/index.php(56): CodeIgniter\Boot::bootWeb(Object(Config\Paths))
14 SYSTEMPATH/rewrite.php(44): require_once('/var/www/html/empower-brgy/public/index.php')
DEBUG - 2025-04-23 08:14:10 --> Session: Class initialized using 'CodeIgniter\Session\Handlers\FileHandler' driver.
WARNING - 2025-04-23 08:14:10 --> [DEPRECATED] Creation of dynamic property Config\Database::$default is deprecated in APPPATH/Config/Database.php on line 40.
 1 SYSTEMPATH/Config/Factories.php(235): Config\Database->__construct()
 2 SYSTEMPATH/Config/Factories.php(169): CodeIgniter\Config\Factories::createInstance('config', 'Config\\Database', [])
 3 SYSTEMPATH/Config/Factories.php(188): CodeIgniter\Config\Factories::__callStatic('config', [])
 4 SYSTEMPATH/Common.php(210): CodeIgniter\Config\Factories::get('config', 'Config\\Database')
 5 SYSTEMPATH/Database/Config.php(63): config('Config\\Database')
 6 SYSTEMPATH/Model.php(155): CodeIgniter\Database\Config::connect(null)
 7 APPPATH/Controllers/Auth.php(35): CodeIgniter\Model->__construct()
 8 SYSTEMPATH/CodeIgniter.php(933): App\Controllers\Auth->auth()
 9 SYSTEMPATH/CodeIgniter.php(507): CodeIgniter\CodeIgniter->runController(Object(App\Controllers\Auth))
10 SYSTEMPATH/CodeIgniter.php(354): CodeIgniter\CodeIgniter->handleRequest(null, Object(Config\Cache), false)
11 SYSTEMPATH/Boot.php(334): CodeIgniter\CodeIgniter->run()
12 SYSTEMPATH/Boot.php(67): CodeIgniter\Boot::runCodeIgniter(Object(CodeIgniter\CodeIgniter))
13 FCPATH/index.php(56): CodeIgniter\Boot::bootWeb(Object(Config\Paths))
14 SYSTEMPATH/rewrite.php(44): require_once('/var/www/html/empower-brgy/public/index.php')
DEBUG - 2025-04-23 08:14:10 --> Session: Class initialized using 'CodeIgniter\Session\Handlers\FileHandler' driver.
WARNING - 2025-04-23 08:14:10 --> [DEPRECATED] Creation of dynamic property Config\Database::$default is deprecated in APPPATH/Config/Database.php on line 40.
 1 SYSTEMPATH/Config/Factories.php(235): Config\Database->__construct()
 2 SYSTEMPATH/Config/Factories.php(169): CodeIgniter\Config\Factories::createInstance('config', 'Config\\Database', [])
 3 SYSTEMPATH/Config/Factories.php(188): CodeIgniter\Config\Factories::__callStatic('config', [])
 4 SYSTEMPATH/Common.php(210): CodeIgniter\Config\Factories::get('config', 'Config\\Database')
 5 SYSTEMPATH/Database/Config.php(63): config('Config\\Database')
 6 APPPATH/Controllers/Auth.php(107): CodeIgniter\Database\Config::connect()
 7 APPPATH/Controllers/Auth.php(26): App\Controllers\Auth->clearFailedAttempts()
 8 SYSTEMPATH/CodeIgniter.php(933): App\Controllers\Auth->index()
 9 SYSTEMPATH/CodeIgniter.php(507): CodeIgniter\CodeIgniter->runController(Object(App\Controllers\Auth))
10 SYSTEMPATH/CodeIgniter.php(354): CodeIgniter\CodeIgniter->handleRequest(null, Object(Config\Cache), false)
11 SYSTEMPATH/Boot.php(334): CodeIgniter\CodeIgniter->run()
12 SYSTEMPATH/Boot.php(67): CodeIgniter\Boot::runCodeIgniter(Object(CodeIgniter\CodeIgniter))
13 FCPATH/index.php(56): CodeIgniter\Boot::bootWeb(Object(Config\Paths))
14 SYSTEMPATH/rewrite.php(44): require_once('/var/www/html/empower-brgy/public/index.php')
DEBUG - 2025-04-23 08:14:13 --> Session: Class initialized using 'CodeIgniter\Session\Handlers\FileHandler' driver.
WARNING - 2025-04-23 08:14:13 --> [DEPRECATED] Creation of dynamic property Config\Database::$default is deprecated in APPPATH/Config/Database.php on line 40.
 1 SYSTEMPATH/Config/Factories.php(235): Config\Database->__construct()
 2 SYSTEMPATH/Config/Factories.php(169): CodeIgniter\Config\Factories::createInstance('config', 'Config\\Database', [])
 3 SYSTEMPATH/Config/Factories.php(188): CodeIgniter\Config\Factories::__callStatic('config', [])
 4 SYSTEMPATH/Common.php(210): CodeIgniter\Config\Factories::get('config', 'Config\\Database')
 5 SYSTEMPATH/Database/Config.php(63): config('Config\\Database')
 6 SYSTEMPATH/Model.php(155): CodeIgniter\Database\Config::connect(null)
 7 APPPATH/Controllers/Auth.php(35): CodeIgniter\Model->__construct()
 8 SYSTEMPATH/CodeIgniter.php(933): App\Controllers\Auth->auth()
 9 SYSTEMPATH/CodeIgniter.php(507): CodeIgniter\CodeIgniter->runController(Object(App\Controllers\Auth))
10 SYSTEMPATH/CodeIgniter.php(354): CodeIgniter\CodeIgniter->handleRequest(null, Object(Config\Cache), false)
11 SYSTEMPATH/Boot.php(334): CodeIgniter\CodeIgniter->run()
12 SYSTEMPATH/Boot.php(67): CodeIgniter\Boot::runCodeIgniter(Object(CodeIgniter\CodeIgniter))
13 FCPATH/index.php(56): CodeIgniter\Boot::bootWeb(Object(Config\Paths))
14 SYSTEMPATH/rewrite.php(44): require_once('/var/www/html/empower-brgy/public/index.php')
DEBUG - 2025-04-23 08:14:13 --> Session: Class initialized using 'CodeIgniter\Session\Handlers\FileHandler' driver.
WARNING - 2025-04-23 08:14:13 --> [DEPRECATED] Creation of dynamic property Config\Database::$default is deprecated in APPPATH/Config/Database.php on line 40.
 1 SYSTEMPATH/Config/Factories.php(235): Config\Database->__construct()
 2 SYSTEMPATH/Config/Factories.php(169): CodeIgniter\Config\Factories::createInstance('config', 'Config\\Database', [])
 3 SYSTEMPATH/Config/Factories.php(188): CodeIgniter\Config\Factories::__callStatic('config', [])
 4 SYSTEMPATH/Common.php(210): CodeIgniter\Config\Factories::get('config', 'Config\\Database')
 5 SYSTEMPATH/Database/Config.php(63): config('Config\\Database')
 6 APPPATH/Controllers/Auth.php(107): CodeIgniter\Database\Config::connect()
 7 APPPATH/Controllers/Auth.php(26): App\Controllers\Auth->clearFailedAttempts()
 8 SYSTEMPATH/CodeIgniter.php(933): App\Controllers\Auth->index()
 9 SYSTEMPATH/CodeIgniter.php(507): CodeIgniter\CodeIgniter->runController(Object(App\Controllers\Auth))
10 SYSTEMPATH/CodeIgniter.php(354): CodeIgniter\CodeIgniter->handleRequest(null, Object(Config\Cache), false)
11 SYSTEMPATH/Boot.php(334): CodeIgniter\CodeIgniter->run()
12 SYSTEMPATH/Boot.php(67): CodeIgniter\Boot::runCodeIgniter(Object(CodeIgniter\CodeIgniter))
13 FCPATH/index.php(56): CodeIgniter\Boot::bootWeb(Object(Config\Paths))
14 SYSTEMPATH/rewrite.php(44): require_once('/var/www/html/empower-brgy/public/index.php')
DEBUG - 2025-04-23 08:14:15 --> Session: Class initialized using 'CodeIgniter\Session\Handlers\FileHandler' driver.
WARNING - 2025-04-23 08:14:15 --> [DEPRECATED] Creation of dynamic property Config\Database::$default is deprecated in APPPATH/Config/Database.php on line 40.
 1 SYSTEMPATH/Config/Factories.php(235): Config\Database->__construct()
 2 SYSTEMPATH/Config/Factories.php(169): CodeIgniter\Config\Factories::createInstance('config', 'Config\\Database', [])
 3 SYSTEMPATH/Config/Factories.php(188): CodeIgniter\Config\Factories::__callStatic('config', [])
 4 SYSTEMPATH/Common.php(210): CodeIgniter\Config\Factories::get('config', 'Config\\Database')
 5 SYSTEMPATH/Database/Config.php(63): config('Config\\Database')
 6 SYSTEMPATH/Model.php(155): CodeIgniter\Database\Config::connect(null)
 7 APPPATH/Controllers/Auth.php(35): CodeIgniter\Model->__construct()
 8 SYSTEMPATH/CodeIgniter.php(933): App\Controllers\Auth->auth()
 9 SYSTEMPATH/CodeIgniter.php(507): CodeIgniter\CodeIgniter->runController(Object(App\Controllers\Auth))
10 SYSTEMPATH/CodeIgniter.php(354): CodeIgniter\CodeIgniter->handleRequest(null, Object(Config\Cache), false)
11 SYSTEMPATH/Boot.php(334): CodeIgniter\CodeIgniter->run()
12 SYSTEMPATH/Boot.php(67): CodeIgniter\Boot::runCodeIgniter(Object(CodeIgniter\CodeIgniter))
13 FCPATH/index.php(56): CodeIgniter\Boot::bootWeb(Object(Config\Paths))
14 SYSTEMPATH/rewrite.php(44): require_once('/var/www/html/empower-brgy/public/index.php')
DEBUG - 2025-04-23 08:14:15 --> Session: Class initialized using 'CodeIgniter\Session\Handlers\FileHandler' driver.
WARNING - 2025-04-23 08:14:15 --> [DEPRECATED] Creation of dynamic property Config\Database::$default is deprecated in APPPATH/Config/Database.php on line 40.
 1 SYSTEMPATH/Config/Factories.php(235): Config\Database->__construct()
 2 SYSTEMPATH/Config/Factories.php(169): CodeIgniter\Config\Factories::createInstance('config', 'Config\\Database', [])
 3 SYSTEMPATH/Config/Factories.php(188): CodeIgniter\Config\Factories::__callStatic('config', [])
 4 SYSTEMPATH/Common.php(210): CodeIgniter\Config\Factories::get('config', 'Config\\Database')
 5 SYSTEMPATH/Database/Config.php(63): config('Config\\Database')
 6 APPPATH/Controllers/Auth.php(107): CodeIgniter\Database\Config::connect()
 7 APPPATH/Controllers/Auth.php(26): App\Controllers\Auth->clearFailedAttempts()
 8 SYSTEMPATH/CodeIgniter.php(933): App\Controllers\Auth->index()
 9 SYSTEMPATH/CodeIgniter.php(507): CodeIgniter\CodeIgniter->runController(Object(App\Controllers\Auth))
10 SYSTEMPATH/CodeIgniter.php(354): CodeIgniter\CodeIgniter->handleRequest(null, Object(Config\Cache), false)
11 SYSTEMPATH/Boot.php(334): CodeIgniter\CodeIgniter->run()
12 SYSTEMPATH/Boot.php(67): CodeIgniter\Boot::runCodeIgniter(Object(CodeIgniter\CodeIgniter))
13 FCPATH/index.php(56): CodeIgniter\Boot::bootWeb(Object(Config\Paths))
14 SYSTEMPATH/rewrite.php(44): require_once('/var/www/html/empower-brgy/public/index.php')
DEBUG - 2025-04-23 08:14:18 --> Session: Class initialized using 'CodeIgniter\Session\Handlers\FileHandler' driver.
WARNING - 2025-04-23 08:14:18 --> [DEPRECATED] Creation of dynamic property Config\Database::$default is deprecated in APPPATH/Config/Database.php on line 40.
 1 SYSTEMPATH/Config/Factories.php(235): Config\Database->__construct()
 2 SYSTEMPATH/Config/Factories.php(169): CodeIgniter\Config\Factories::createInstance('config', 'Config\\Database', [])
 3 SYSTEMPATH/Config/Factories.php(188): CodeIgniter\Config\Factories::__callStatic('config', [])
 4 SYSTEMPATH/Common.php(210): CodeIgniter\Config\Factories::get('config', 'Config\\Database')
 5 SYSTEMPATH/Database/Config.php(63): config('Config\\Database')
 6 SYSTEMPATH/Model.php(155): CodeIgniter\Database\Config::connect(null)
 7 APPPATH/Controllers/Auth.php(35): CodeIgniter\Model->__construct()
 8 SYSTEMPATH/CodeIgniter.php(933): App\Controllers\Auth->auth()
 9 SYSTEMPATH/CodeIgniter.php(507): CodeIgniter\CodeIgniter->runController(Object(App\Controllers\Auth))
10 SYSTEMPATH/CodeIgniter.php(354): CodeIgniter\CodeIgniter->handleRequest(null, Object(Config\Cache), false)
11 SYSTEMPATH/Boot.php(334): CodeIgniter\CodeIgniter->run()
12 SYSTEMPATH/Boot.php(67): CodeIgniter\Boot::runCodeIgniter(Object(CodeIgniter\CodeIgniter))
13 FCPATH/index.php(56): CodeIgniter\Boot::bootWeb(Object(Config\Paths))
14 SYSTEMPATH/rewrite.php(44): require_once('/var/www/html/empower-brgy/public/index.php')
DEBUG - 2025-04-23 08:14:18 --> Session: Class initialized using 'CodeIgniter\Session\Handlers\FileHandler' driver.
WARNING - 2025-04-23 08:14:18 --> [DEPRECATED] Creation of dynamic property Config\Database::$default is deprecated in APPPATH/Config/Database.php on line 40.
 1 SYSTEMPATH/Config/Factories.php(235): Config\Database->__construct()
 2 SYSTEMPATH/Config/Factories.php(169): CodeIgniter\Config\Factories::createInstance('config', 'Config\\Database', [])
 3 SYSTEMPATH/Config/Factories.php(188): CodeIgniter\Config\Factories::__callStatic('config', [])
 4 SYSTEMPATH/Common.php(210): CodeIgniter\Config\Factories::get('config', 'Config\\Database')
 5 SYSTEMPATH/Database/Config.php(63): config('Config\\Database')
 6 APPPATH/Controllers/Auth.php(107): CodeIgniter\Database\Config::connect()
 7 APPPATH/Controllers/Auth.php(26): App\Controllers\Auth->clearFailedAttempts()
 8 SYSTEMPATH/CodeIgniter.php(933): App\Controllers\Auth->index()
 9 SYSTEMPATH/CodeIgniter.php(507): CodeIgniter\CodeIgniter->runController(Object(App\Controllers\Auth))
10 SYSTEMPATH/CodeIgniter.php(354): CodeIgniter\CodeIgniter->handleRequest(null, Object(Config\Cache), false)
11 SYSTEMPATH/Boot.php(334): CodeIgniter\CodeIgniter->run()
12 SYSTEMPATH/Boot.php(67): CodeIgniter\Boot::runCodeIgniter(Object(CodeIgniter\CodeIgniter))
13 FCPATH/index.php(56): CodeIgniter\Boot::bootWeb(Object(Config\Paths))
14 SYSTEMPATH/rewrite.php(44): require_once('/var/www/html/empower-brgy/public/index.php')
DEBUG - 2025-04-23 08:14:20 --> Session: Class initialized using 'CodeIgniter\Session\Handlers\FileHandler' driver.
WARNING - 2025-04-23 08:14:20 --> [DEPRECATED] Creation of dynamic property Config\Database::$default is deprecated in APPPATH/Config/Database.php on line 40.
 1 SYSTEMPATH/Config/Factories.php(235): Config\Database->__construct()
 2 SYSTEMPATH/Config/Factories.php(169): CodeIgniter\Config\Factories::createInstance('config', 'Config\\Database', [])
 3 SYSTEMPATH/Config/Factories.php(188): CodeIgniter\Config\Factories::__callStatic('config', [])
 4 SYSTEMPATH/Common.php(210): CodeIgniter\Config\Factories::get('config', 'Config\\Database')
 5 SYSTEMPATH/Database/Config.php(63): config('Config\\Database')
 6 SYSTEMPATH/Model.php(155): CodeIgniter\Database\Config::connect(null)
 7 APPPATH/Controllers/Auth.php(35): CodeIgniter\Model->__construct()
 8 SYSTEMPATH/CodeIgniter.php(933): App\Controllers\Auth->auth()
 9 SYSTEMPATH/CodeIgniter.php(507): CodeIgniter\CodeIgniter->runController(Object(App\Controllers\Auth))
10 SYSTEMPATH/CodeIgniter.php(354): CodeIgniter\CodeIgniter->handleRequest(null, Object(Config\Cache), false)
11 SYSTEMPATH/Boot.php(334): CodeIgniter\CodeIgniter->run()
12 SYSTEMPATH/Boot.php(67): CodeIgniter\Boot::runCodeIgniter(Object(CodeIgniter\CodeIgniter))
13 FCPATH/index.php(56): CodeIgniter\Boot::bootWeb(Object(Config\Paths))
14 SYSTEMPATH/rewrite.php(44): require_once('/var/www/html/empower-brgy/public/index.php')
DEBUG - 2025-04-23 08:14:20 --> Session: Class initialized using 'CodeIgniter\Session\Handlers\FileHandler' driver.
DEBUG - 2025-04-23 08:16:27 --> Session: Class initialized using 'CodeIgniter\Session\Handlers\FileHandler' driver.
DEBUG - 2025-04-23 08:17:23 --> Session: Class initialized using 'CodeIgniter\Session\Handlers\FileHandler' driver.
WARNING - 2025-04-23 08:17:23 --> [DEPRECATED] Creation of dynamic property Config\Database::$default is deprecated in APPPATH/Config/Database.php on line 40.
 1 SYSTEMPATH/Config/Factories.php(235): Config\Database->__construct()
 2 SYSTEMPATH/Config/Factories.php(169): CodeIgniter\Config\Factories::createInstance('config', 'Config\\Database', [])
 3 SYSTEMPATH/Config/Factories.php(188): CodeIgniter\Config\Factories::__callStatic('config', [])
 4 SYSTEMPATH/Common.php(210): CodeIgniter\Config\Factories::get('config', 'Config\\Database')
 5 SYSTEMPATH/Database/Config.php(63): config('Config\\Database')
 6 SYSTEMPATH/Model.php(155): CodeIgniter\Database\Config::connect(null)
 7 APPPATH/Controllers/Auth.php(35): CodeIgniter\Model->__construct()
 8 SYSTEMPATH/CodeIgniter.php(933): App\Controllers\Auth->auth()
 9 SYSTEMPATH/CodeIgniter.php(507): CodeIgniter\CodeIgniter->runController(Object(App\Controllers\Auth))
10 SYSTEMPATH/CodeIgniter.php(354): CodeIgniter\CodeIgniter->handleRequest(null, Object(Config\Cache), false)
11 SYSTEMPATH/Boot.php(334): CodeIgniter\CodeIgniter->run()
12 SYSTEMPATH/Boot.php(67): CodeIgniter\Boot::runCodeIgniter(Object(CodeIgniter\CodeIgniter))
13 FCPATH/index.php(56): CodeIgniter\Boot::bootWeb(Object(Config\Paths))
14 SYSTEMPATH/rewrite.php(44): require_once('/var/www/html/empower-brgy/public/index.php')
DEBUG - 2025-04-23 08:17:23 --> Session: Class initialized using 'CodeIgniter\Session\Handlers\FileHandler' driver.
WARNING - 2025-04-23 08:17:23 --> [DEPRECATED] Creation of dynamic property Config\Database::$default is deprecated in APPPATH/Config/Database.php on line 40.
 1 SYSTEMPATH/Config/Factories.php(235): Config\Database->__construct()
 2 SYSTEMPATH/Config/Factories.php(169): CodeIgniter\Config\Factories::createInstance('config', 'Config\\Database', [])
 3 SYSTEMPATH/Config/Factories.php(188): CodeIgniter\Config\Factories::__callStatic('config', [])
 4 SYSTEMPATH/Common.php(210): CodeIgniter\Config\Factories::get('config', 'Config\\Database')
 5 SYSTEMPATH/Database/Config.php(63): config('Config\\Database')
 6 APPPATH/Controllers/Auth.php(107): CodeIgniter\Database\Config::connect()
 7 APPPATH/Controllers/Auth.php(26): App\Controllers\Auth->clearFailedAttempts()
 8 SYSTEMPATH/CodeIgniter.php(933): App\Controllers\Auth->index()
 9 SYSTEMPATH/CodeIgniter.php(507): CodeIgniter\CodeIgniter->runController(Object(App\Controllers\Auth))
10 SYSTEMPATH/CodeIgniter.php(354): CodeIgniter\CodeIgniter->handleRequest(null, Object(Config\Cache), false)
11 SYSTEMPATH/Boot.php(334): CodeIgniter\CodeIgniter->run()
12 SYSTEMPATH/Boot.php(67): CodeIgniter\Boot::runCodeIgniter(Object(CodeIgniter\CodeIgniter))
13 FCPATH/index.php(56): CodeIgniter\Boot::bootWeb(Object(Config\Paths))
14 SYSTEMPATH/rewrite.php(44): require_once('/var/www/html/empower-brgy/public/index.php')
DEBUG - 2025-04-23 08:17:26 --> Session: Class initialized using 'CodeIgniter\Session\Handlers\FileHandler' driver.
WARNING - 2025-04-23 08:17:26 --> [DEPRECATED] Creation of dynamic property Config\Database::$default is deprecated in APPPATH/Config/Database.php on line 40.
 1 SYSTEMPATH/Config/Factories.php(235): Config\Database->__construct()
 2 SYSTEMPATH/Config/Factories.php(169): CodeIgniter\Config\Factories::createInstance('config', 'Config\\Database', [])
 3 SYSTEMPATH/Config/Factories.php(188): CodeIgniter\Config\Factories::__callStatic('config', [])
 4 SYSTEMPATH/Common.php(210): CodeIgniter\Config\Factories::get('config', 'Config\\Database')
 5 SYSTEMPATH/Database/Config.php(63): config('Config\\Database')
 6 SYSTEMPATH/Model.php(155): CodeIgniter\Database\Config::connect(null)
 7 APPPATH/Controllers/Auth.php(35): CodeIgniter\Model->__construct()
 8 SYSTEMPATH/CodeIgniter.php(933): App\Controllers\Auth->auth()
 9 SYSTEMPATH/CodeIgniter.php(507): CodeIgniter\CodeIgniter->runController(Object(App\Controllers\Auth))
10 SYSTEMPATH/CodeIgniter.php(354): CodeIgniter\CodeIgniter->handleRequest(null, Object(Config\Cache), false)
11 SYSTEMPATH/Boot.php(334): CodeIgniter\CodeIgniter->run()
12 SYSTEMPATH/Boot.php(67): CodeIgniter\Boot::runCodeIgniter(Object(CodeIgniter\CodeIgniter))
13 FCPATH/index.php(56): CodeIgniter\Boot::bootWeb(Object(Config\Paths))
14 SYSTEMPATH/rewrite.php(44): require_once('/var/www/html/empower-brgy/public/index.php')
DEBUG - 2025-04-23 08:17:26 --> Session: Class initialized using 'CodeIgniter\Session\Handlers\FileHandler' driver.
DEBUG - 2025-04-23 08:17:30 --> Session: Class initialized using 'CodeIgniter\Session\Handlers\FileHandler' driver.
WARNING - 2025-04-23 08:17:31 --> [DEPRECATED] Creation of dynamic property Config\Database::$default is deprecated in APPPATH/Config/Database.php on line 40.
 1 SYSTEMPATH/Config/Factories.php(235): Config\Database->__construct()
 2 SYSTEMPATH/Config/Factories.php(169): CodeIgniter\Config\Factories::createInstance('config', 'Config\\Database', [])
 3 SYSTEMPATH/Config/Factories.php(188): CodeIgniter\Config\Factories::__callStatic('config', [])
 4 SYSTEMPATH/Common.php(210): CodeIgniter\Config\Factories::get('config', 'Config\\Database')
 5 SYSTEMPATH/Database/Config.php(63): config('Config\\Database')
 6 SYSTEMPATH/Model.php(155): CodeIgniter\Database\Config::connect(null)
 7 APPPATH/Controllers/Users.php(11): CodeIgniter\Model->__construct()
 8 SYSTEMPATH/CodeIgniter.php(933): App\Controllers\Users->index()
 9 SYSTEMPATH/CodeIgniter.php(507): CodeIgniter\CodeIgniter->runController(Object(App\Controllers\Users))
10 SYSTEMPATH/CodeIgniter.php(354): CodeIgniter\CodeIgniter->handleRequest(null, Object(Config\Cache), false)
11 SYSTEMPATH/Boot.php(334): CodeIgniter\CodeIgniter->run()
12 SYSTEMPATH/Boot.php(67): CodeIgniter\Boot::runCodeIgniter(Object(CodeIgniter\CodeIgniter))
13 FCPATH/index.php(56): CodeIgniter\Boot::bootWeb(Object(Config\Paths))
14 SYSTEMPATH/rewrite.php(44): require_once('/var/www/html/empower-brgy/public/index.php')
DEBUG - 2025-04-23 08:17:31 --> Session: Class initialized using 'CodeIgniter\Session\Handlers\FileHandler' driver.
WARNING - 2025-04-23 08:17:31 --> [DEPRECATED] Creation of dynamic property Config\Database::$default is deprecated in APPPATH/Config/Database.php on line 40.
 1 SYSTEMPATH/Config/Factories.php(235): Config\Database->__construct()
 2 SYSTEMPATH/Config/Factories.php(169): CodeIgniter\Config\Factories::createInstance('config', 'Config\\Database', [])
 3 SYSTEMPATH/Config/Factories.php(188): CodeIgniter\Config\Factories::__callStatic('config', [])
 4 SYSTEMPATH/Common.php(210): CodeIgniter\Config\Factories::get('config', 'Config\\Database')
 5 SYSTEMPATH/Database/Config.php(63): config('Config\\Database')
 6 SYSTEMPATH/Model.php(155): CodeIgniter\Database\Config::connect(null)
 7 APPPATH/Controllers/Users.php(139): CodeIgniter\Model->__construct()
 8 SYSTEMPATH/CodeIgniter.php(933): App\Controllers\Users->fetchUsers()
 9 SYSTEMPATH/CodeIgniter.php(507): CodeIgniter\CodeIgniter->runController(Object(App\Controllers\Users))
10 SYSTEMPATH/CodeIgniter.php(354): CodeIgniter\CodeIgniter->handleRequest(null, Object(Config\Cache), false)
11 SYSTEMPATH/Boot.php(334): CodeIgniter\CodeIgniter->run()
12 SYSTEMPATH/Boot.php(67): CodeIgniter\Boot::runCodeIgniter(Object(CodeIgniter\CodeIgniter))
13 FCPATH/index.php(56): CodeIgniter\Boot::bootWeb(Object(Config\Paths))
14 SYSTEMPATH/rewrite.php(44): require_once('/var/www/html/empower-brgy/public/index.php')
WARNING - 2025-04-23 08:17:33 --> [DEPRECATED] Creation of dynamic property Config\Database::$default is deprecated in APPPATH/Config/Database.php on line 40.
 1 SYSTEMPATH/Config/Factories.php(235): Config\Database->__construct()
 2 SYSTEMPATH/Config/Factories.php(169): CodeIgniter\Config\Factories::createInstance('config', 'Config\\Database', [])
 3 SYSTEMPATH/Config/Factories.php(188): CodeIgniter\Config\Factories::__callStatic('config', [])
 4 SYSTEMPATH/Common.php(210): CodeIgniter\Config\Factories::get('config', 'Config\\Database')
 5 SYSTEMPATH/Database/Config.php(63): config('Config\\Database')
 6 SYSTEMPATH/Model.php(155): CodeIgniter\Database\Config::connect(null)
 7 APPPATH/Controllers/Users.php(11): CodeIgniter\Model->__construct()
 8 SYSTEMPATH/CodeIgniter.php(933): App\Controllers\Users->index()
 9 SYSTEMPATH/CodeIgniter.php(507): CodeIgniter\CodeIgniter->runController(Object(App\Controllers\Users))
10 SYSTEMPATH/CodeIgniter.php(354): CodeIgniter\CodeIgniter->handleRequest(null, Object(Config\Cache), false)
11 SYSTEMPATH/Boot.php(334): CodeIgniter\CodeIgniter->run()
12 SYSTEMPATH/Boot.php(67): CodeIgniter\Boot::runCodeIgniter(Object(CodeIgniter\CodeIgniter))
13 FCPATH/index.php(56): CodeIgniter\Boot::bootWeb(Object(Config\Paths))
14 SYSTEMPATH/rewrite.php(44): require_once('/var/www/html/empower-brgy/public/index.php')
DEBUG - 2025-04-23 08:17:33 --> Session: Class initialized using 'CodeIgniter\Session\Handlers\FileHandler' driver.
WARNING - 2025-04-23 08:17:33 --> [DEPRECATED] Creation of dynamic property Config\Database::$default is deprecated in APPPATH/Config/Database.php on line 40.
 1 SYSTEMPATH/Config/Factories.php(235): Config\Database->__construct()
 2 SYSTEMPATH/Config/Factories.php(169): CodeIgniter\Config\Factories::createInstance('config', 'Config\\Database', [])
 3 SYSTEMPATH/Config/Factories.php(188): CodeIgniter\Config\Factories::__callStatic('config', [])
 4 SYSTEMPATH/Common.php(210): CodeIgniter\Config\Factories::get('config', 'Config\\Database')
 5 SYSTEMPATH/Database/Config.php(63): config('Config\\Database')
 6 SYSTEMPATH/Model.php(155): CodeIgniter\Database\Config::connect(null)
 7 APPPATH/Controllers/Users.php(139): CodeIgniter\Model->__construct()
 8 SYSTEMPATH/CodeIgniter.php(933): App\Controllers\Users->fetchUsers()
 9 SYSTEMPATH/CodeIgniter.php(507): CodeIgniter\CodeIgniter->runController(Object(App\Controllers\Users))
10 SYSTEMPATH/CodeIgniter.php(354): CodeIgniter\CodeIgniter->handleRequest(null, Object(Config\Cache), false)
11 SYSTEMPATH/Boot.php(334): CodeIgniter\CodeIgniter->run()
12 SYSTEMPATH/Boot.php(67): CodeIgniter\Boot::runCodeIgniter(Object(CodeIgniter\CodeIgniter))
13 FCPATH/index.php(56): CodeIgniter\Boot::bootWeb(Object(Config\Paths))
14 SYSTEMPATH/rewrite.php(44): require_once('/var/www/html/empower-brgy/public/index.php')
DEBUG - 2025-04-23 08:17:33 --> Session: Class initialized using 'CodeIgniter\Session\Handlers\FileHandler' driver.
DEBUG - 2025-04-23 08:17:47 --> Session: Class initialized using 'CodeIgniter\Session\Handlers\FileHandler' driver.
WARNING - 2025-04-23 08:17:47 --> [DEPRECATED] Creation of dynamic property Config\Database::$default is deprecated in APPPATH/Config/Database.php on line 40.
 1 SYSTEMPATH/Config/Factories.php(235): Config\Database->__construct()
 2 SYSTEMPATH/Config/Factories.php(169): CodeIgniter\Config\Factories::createInstance('config', 'Config\\Database', [])
 3 SYSTEMPATH/Config/Factories.php(188): CodeIgniter\Config\Factories::__callStatic('config', [])
 4 SYSTEMPATH/Common.php(210): CodeIgniter\Config\Factories::get('config', 'Config\\Database')
 5 SYSTEMPATH/Database/Config.php(63): config('Config\\Database')
 6 SYSTEMPATH/Model.php(155): CodeIgniter\Database\Config::connect(null)
 7 APPPATH/Controllers/Users.php(11): CodeIgniter\Model->__construct()
 8 SYSTEMPATH/CodeIgniter.php(933): App\Controllers\Users->index()
 9 SYSTEMPATH/CodeIgniter.php(507): CodeIgniter\CodeIgniter->runController(Object(App\Controllers\Users))
10 SYSTEMPATH/CodeIgniter.php(354): CodeIgniter\CodeIgniter->handleRequest(null, Object(Config\Cache), false)
11 SYSTEMPATH/Boot.php(334): CodeIgniter\CodeIgniter->run()
12 SYSTEMPATH/Boot.php(67): CodeIgniter\Boot::runCodeIgniter(Object(CodeIgniter\CodeIgniter))
13 FCPATH/index.php(56): CodeIgniter\Boot::bootWeb(Object(Config\Paths))
14 SYSTEMPATH/rewrite.php(44): require_once('/var/www/html/empower-brgy/public/index.php')
DEBUG - 2025-04-23 08:17:47 --> Session: Class initialized using 'CodeIgniter\Session\Handlers\FileHandler' driver.
WARNING - 2025-04-23 08:17:48 --> [DEPRECATED] Creation of dynamic property Config\Database::$default is deprecated in APPPATH/Config/Database.php on line 40.
 1 SYSTEMPATH/Config/Factories.php(235): Config\Database->__construct()
 2 SYSTEMPATH/Config/Factories.php(169): CodeIgniter\Config\Factories::createInstance('config', 'Config\\Database', [])
 3 SYSTEMPATH/Config/Factories.php(188): CodeIgniter\Config\Factories::__callStatic('config', [])
 4 SYSTEMPATH/Common.php(210): CodeIgniter\Config\Factories::get('config', 'Config\\Database')
 5 SYSTEMPATH/Database/Config.php(63): config('Config\\Database')
 6 SYSTEMPATH/Model.php(155): CodeIgniter\Database\Config::connect(null)
 7 APPPATH/Controllers/Users.php(139): CodeIgniter\Model->__construct()
 8 SYSTEMPATH/CodeIgniter.php(933): App\Controllers\Users->fetchUsers()
 9 SYSTEMPATH/CodeIgniter.php(507): CodeIgniter\CodeIgniter->runController(Object(App\Controllers\Users))
10 SYSTEMPATH/CodeIgniter.php(354): CodeIgniter\CodeIgniter->handleRequest(null, Object(Config\Cache), false)
11 SYSTEMPATH/Boot.php(334): CodeIgniter\CodeIgniter->run()
12 SYSTEMPATH/Boot.php(67): CodeIgniter\Boot::runCodeIgniter(Object(CodeIgniter\CodeIgniter))
13 FCPATH/index.php(56): CodeIgniter\Boot::bootWeb(Object(Config\Paths))
14 SYSTEMPATH/rewrite.php(44): require_once('/var/www/html/empower-brgy/public/index.php')
WARNING - 2025-04-23 08:18:25 --> [DEPRECATED] Creation of dynamic property Config\Database::$default is deprecated in APPPATH/Config/Database.php on line 40.
 1 SYSTEMPATH/Config/Factories.php(235): Config\Database->__construct()
 2 SYSTEMPATH/Config/Factories.php(169): CodeIgniter\Config\Factories::createInstance('config', 'Config\\Database', [])
 3 SYSTEMPATH/Config/Factories.php(188): CodeIgniter\Config\Factories::__callStatic('config', [])
 4 SYSTEMPATH/Common.php(210): CodeIgniter\Config\Factories::get('config', 'Config\\Database')
 5 SYSTEMPATH/Database/Config.php(63): config('Config\\Database')
 6 SYSTEMPATH/Model.php(155): CodeIgniter\Database\Config::connect(null)
 7 APPPATH/Controllers/Users.php(11): CodeIgniter\Model->__construct()
 8 SYSTEMPATH/CodeIgniter.php(933): App\Controllers\Users->index()
 9 SYSTEMPATH/CodeIgniter.php(507): CodeIgniter\CodeIgniter->runController(Object(App\Controllers\Users))
10 SYSTEMPATH/CodeIgniter.php(354): CodeIgniter\CodeIgniter->handleRequest(null, Object(Config\Cache), false)
11 SYSTEMPATH/Boot.php(334): CodeIgniter\CodeIgniter->run()
12 SYSTEMPATH/Boot.php(67): CodeIgniter\Boot::runCodeIgniter(Object(CodeIgniter\CodeIgniter))
13 FCPATH/index.php(56): CodeIgniter\Boot::bootWeb(Object(Config\Paths))
14 SYSTEMPATH/rewrite.php(44): require_once('/var/www/html/empower-brgy/public/index.php')
DEBUG - 2025-04-23 08:18:25 --> Session: Class initialized using 'CodeIgniter\Session\Handlers\FileHandler' driver.
WARNING - 2025-04-23 08:18:25 --> [DEPRECATED] Creation of dynamic property Config\Database::$default is deprecated in APPPATH/Config/Database.php on line 40.
 1 SYSTEMPATH/Config/Factories.php(235): Config\Database->__construct()
 2 SYSTEMPATH/Config/Factories.php(169): CodeIgniter\Config\Factories::createInstance('config', 'Config\\Database', [])
 3 SYSTEMPATH/Config/Factories.php(188): CodeIgniter\Config\Factories::__callStatic('config', [])
 4 SYSTEMPATH/Common.php(210): CodeIgniter\Config\Factories::get('config', 'Config\\Database')
 5 SYSTEMPATH/Database/Config.php(63): config('Config\\Database')
 6 SYSTEMPATH/Model.php(155): CodeIgniter\Database\Config::connect(null)
 7 APPPATH/Controllers/Users.php(139): CodeIgniter\Model->__construct()
 8 SYSTEMPATH/CodeIgniter.php(933): App\Controllers\Users->fetchUsers()
 9 SYSTEMPATH/CodeIgniter.php(507): CodeIgniter\CodeIgniter->runController(Object(App\Controllers\Users))
10 SYSTEMPATH/CodeIgniter.php(354): CodeIgniter\CodeIgniter->handleRequest(null, Object(Config\Cache), false)
11 SYSTEMPATH/Boot.php(334): CodeIgniter\CodeIgniter->run()
12 SYSTEMPATH/Boot.php(67): CodeIgniter\Boot::runCodeIgniter(Object(CodeIgniter\CodeIgniter))
13 FCPATH/index.php(56): CodeIgniter\Boot::bootWeb(Object(Config\Paths))
14 SYSTEMPATH/rewrite.php(44): require_once('/var/www/html/empower-brgy/public/index.php')
WARNING - 2025-04-23 08:18:36 --> [DEPRECATED] Creation of dynamic property Config\Database::$default is deprecated in APPPATH/Config/Database.php on line 40.
 1 SYSTEMPATH/Config/Factories.php(235): Config\Database->__construct()
 2 SYSTEMPATH/Config/Factories.php(169): CodeIgniter\Config\Factories::createInstance('config', 'Config\\Database', [])
 3 SYSTEMPATH/Config/Factories.php(188): CodeIgniter\Config\Factories::__callStatic('config', [])
 4 SYSTEMPATH/Common.php(210): CodeIgniter\Config\Factories::get('config', 'Config\\Database')
 5 SYSTEMPATH/Database/Config.php(63): config('Config\\Database')
 6 SYSTEMPATH/Model.php(155): CodeIgniter\Database\Config::connect(null)
 7 APPPATH/Controllers/Users.php(111): CodeIgniter\Model->__construct()
 8 SYSTEMPATH/CodeIgniter.php(933): App\Controllers\Users->edit('1')
 9 SYSTEMPATH/CodeIgniter.php(507): CodeIgniter\CodeIgniter->runController(Object(App\Controllers\Users))
10 SYSTEMPATH/CodeIgniter.php(354): CodeIgniter\CodeIgniter->handleRequest(null, Object(Config\Cache), false)
11 SYSTEMPATH/Boot.php(334): CodeIgniter\CodeIgniter->run()
12 SYSTEMPATH/Boot.php(67): CodeIgniter\Boot::runCodeIgniter(Object(CodeIgniter\CodeIgniter))
13 FCPATH/index.php(56): CodeIgniter\Boot::bootWeb(Object(Config\Paths))
14 SYSTEMPATH/rewrite.php(44): require_once('/var/www/html/empower-brgy/public/index.php')
WARNING - 2025-04-23 08:18:40 --> [DEPRECATED] Creation of dynamic property Config\Database::$default is deprecated in APPPATH/Config/Database.php on line 40.
 1 SYSTEMPATH/Config/Factories.php(235): Config\Database->__construct()
 2 SYSTEMPATH/Config/Factories.php(169): CodeIgniter\Config\Factories::createInstance('config', 'Config\\Database', [])
 3 SYSTEMPATH/Config/Factories.php(188): CodeIgniter\Config\Factories::__callStatic('config', [])
 4 SYSTEMPATH/Common.php(210): CodeIgniter\Config\Factories::get('config', 'Config\\Database')
 5 SYSTEMPATH/Database/Config.php(63): config('Config\\Database')
 6 SYSTEMPATH/Model.php(155): CodeIgniter\Database\Config::connect(null)
 7 APPPATH/Controllers/Users.php(55): CodeIgniter\Model->__construct()
 8 SYSTEMPATH/CodeIgniter.php(933): App\Controllers\Users->update()
 9 SYSTEMPATH/CodeIgniter.php(507): CodeIgniter\CodeIgniter->runController(Object(App\Controllers\Users))
10 SYSTEMPATH/CodeIgniter.php(354): CodeIgniter\CodeIgniter->handleRequest(null, Object(Config\Cache), false)
11 SYSTEMPATH/Boot.php(334): CodeIgniter\CodeIgniter->run()
12 SYSTEMPATH/Boot.php(67): CodeIgniter\Boot::runCodeIgniter(Object(CodeIgniter\CodeIgniter))
13 FCPATH/index.php(56): CodeIgniter\Boot::bootWeb(Object(Config\Paths))
14 SYSTEMPATH/rewrite.php(44): require_once('/var/www/html/empower-brgy/public/index.php')
WARNING - 2025-04-23 08:18:41 --> [DEPRECATED] Creation of dynamic property Config\Database::$default is deprecated in APPPATH/Config/Database.php on line 40.
 1 SYSTEMPATH/Config/Factories.php(235): Config\Database->__construct()
 2 SYSTEMPATH/Config/Factories.php(169): CodeIgniter\Config\Factories::createInstance('config', 'Config\\Database', [])
 3 SYSTEMPATH/Config/Factories.php(188): CodeIgniter\Config\Factories::__callStatic('config', [])
 4 SYSTEMPATH/Common.php(210): CodeIgniter\Config\Factories::get('config', 'Config\\Database')
 5 SYSTEMPATH/Database/Config.php(63): config('Config\\Database')
 6 SYSTEMPATH/Model.php(155): CodeIgniter\Database\Config::connect(null)
 7 APPPATH/Controllers/Users.php(11): CodeIgniter\Model->__construct()
 8 SYSTEMPATH/CodeIgniter.php(933): App\Controllers\Users->index()
 9 SYSTEMPATH/CodeIgniter.php(507): CodeIgniter\CodeIgniter->runController(Object(App\Controllers\Users))
10 SYSTEMPATH/CodeIgniter.php(354): CodeIgniter\CodeIgniter->handleRequest(null, Object(Config\Cache), false)
11 SYSTEMPATH/Boot.php(334): CodeIgniter\CodeIgniter->run()
12 SYSTEMPATH/Boot.php(67): CodeIgniter\Boot::runCodeIgniter(Object(CodeIgniter\CodeIgniter))
13 FCPATH/index.php(56): CodeIgniter\Boot::bootWeb(Object(Config\Paths))
14 SYSTEMPATH/rewrite.php(44): require_once('/var/www/html/empower-brgy/public/index.php')
DEBUG - 2025-04-23 08:18:41 --> Session: Class initialized using 'CodeIgniter\Session\Handlers\FileHandler' driver.
WARNING - 2025-04-23 08:18:41 --> [DEPRECATED] Creation of dynamic property Config\Database::$default is deprecated in APPPATH/Config/Database.php on line 40.
 1 SYSTEMPATH/Config/Factories.php(235): Config\Database->__construct()
 2 SYSTEMPATH/Config/Factories.php(169): CodeIgniter\Config\Factories::createInstance('config', 'Config\\Database', [])
 3 SYSTEMPATH/Config/Factories.php(188): CodeIgniter\Config\Factories::__callStatic('config', [])
 4 SYSTEMPATH/Common.php(210): CodeIgniter\Config\Factories::get('config', 'Config\\Database')
 5 SYSTEMPATH/Database/Config.php(63): config('Config\\Database')
 6 SYSTEMPATH/Model.php(155): CodeIgniter\Database\Config::connect(null)
 7 APPPATH/Controllers/Users.php(139): CodeIgniter\Model->__construct()
 8 SYSTEMPATH/CodeIgniter.php(933): App\Controllers\Users->fetchUsers()
 9 SYSTEMPATH/CodeIgniter.php(507): CodeIgniter\CodeIgniter->runController(Object(App\Controllers\Users))
10 SYSTEMPATH/CodeIgniter.php(354): CodeIgniter\CodeIgniter->handleRequest(null, Object(Config\Cache), false)
11 SYSTEMPATH/Boot.php(334): CodeIgniter\CodeIgniter->run()
12 SYSTEMPATH/Boot.php(67): CodeIgniter\Boot::runCodeIgniter(Object(CodeIgniter\CodeIgniter))
13 FCPATH/index.php(56): CodeIgniter\Boot::bootWeb(Object(Config\Paths))
14 SYSTEMPATH/rewrite.php(44): require_once('/var/www/html/empower-brgy/public/index.php')
DEBUG - 2025-04-23 08:19:03 --> Session: Class initialized using 'CodeIgniter\Session\Handlers\FileHandler' driver.
WARNING - 2025-04-23 08:19:04 --> [DEPRECATED] Creation of dynamic property Config\Database::$default is deprecated in APPPATH/Config/Database.php on line 40.
 1 SYSTEMPATH/Config/Factories.php(235): Config\Database->__construct()
 2 SYSTEMPATH/Config/Factories.php(169): CodeIgniter\Config\Factories::createInstance('config', 'Config\\Database', [])
 3 SYSTEMPATH/Config/Factories.php(188): CodeIgniter\Config\Factories::__callStatic('config', [])
 4 SYSTEMPATH/Common.php(210): CodeIgniter\Config\Factories::get('config', 'Config\\Database')
 5 SYSTEMPATH/Database/Config.php(63): config('Config\\Database')
 6 SYSTEMPATH/Model.php(155): CodeIgniter\Database\Config::connect(null)
 7 APPPATH/Controllers/Users.php(11): CodeIgniter\Model->__construct()
 8 SYSTEMPATH/CodeIgniter.php(933): App\Controllers\Users->index()
 9 SYSTEMPATH/CodeIgniter.php(507): CodeIgniter\CodeIgniter->runController(Object(App\Controllers\Users))
10 SYSTEMPATH/CodeIgniter.php(354): CodeIgniter\CodeIgniter->handleRequest(null, Object(Config\Cache), false)
11 SYSTEMPATH/Boot.php(334): CodeIgniter\CodeIgniter->run()
12 SYSTEMPATH/Boot.php(67): CodeIgniter\Boot::runCodeIgniter(Object(CodeIgniter\CodeIgniter))
13 FCPATH/index.php(56): CodeIgniter\Boot::bootWeb(Object(Config\Paths))
14 SYSTEMPATH/rewrite.php(44): require_once('/var/www/html/empower-brgy/public/index.php')
DEBUG - 2025-04-23 08:19:04 --> Session: Class initialized using 'CodeIgniter\Session\Handlers\FileHandler' driver.
WARNING - 2025-04-23 08:19:04 --> [DEPRECATED] Creation of dynamic property Config\Database::$default is deprecated in APPPATH/Config/Database.php on line 40.
 1 SYSTEMPATH/Config/Factories.php(235): Config\Database->__construct()
 2 SYSTEMPATH/Config/Factories.php(169): CodeIgniter\Config\Factories::createInstance('config', 'Config\\Database', [])
 3 SYSTEMPATH/Config/Factories.php(188): CodeIgniter\Config\Factories::__callStatic('config', [])
 4 SYSTEMPATH/Common.php(210): CodeIgniter\Config\Factories::get('config', 'Config\\Database')
 5 SYSTEMPATH/Database/Config.php(63): config('Config\\Database')
 6 SYSTEMPATH/Model.php(155): CodeIgniter\Database\Config::connect(null)
 7 APPPATH/Controllers/Users.php(139): CodeIgniter\Model->__construct()
 8 SYSTEMPATH/CodeIgniter.php(933): App\Controllers\Users->fetchUsers()
 9 SYSTEMPATH/CodeIgniter.php(507): CodeIgniter\CodeIgniter->runController(Object(App\Controllers\Users))
10 SYSTEMPATH/CodeIgniter.php(354): CodeIgniter\CodeIgniter->handleRequest(null, Object(Config\Cache), false)
11 SYSTEMPATH/Boot.php(334): CodeIgniter\CodeIgniter->run()
12 SYSTEMPATH/Boot.php(67): CodeIgniter\Boot::runCodeIgniter(Object(CodeIgniter\CodeIgniter))
13 FCPATH/index.php(56): CodeIgniter\Boot::bootWeb(Object(Config\Paths))
14 SYSTEMPATH/rewrite.php(44): require_once('/var/www/html/empower-brgy/public/index.php')
WARNING - 2025-04-23 08:22:14 --> [DEPRECATED] Creation of dynamic property Config\Database::$default is deprecated in APPPATH/Config/Database.php on line 40.
 1 SYSTEMPATH/Config/Factories.php(235): Config\Database->__construct()
 2 SYSTEMPATH/Config/Factories.php(169): CodeIgniter\Config\Factories::createInstance('config', 'Config\\Database', [])
 3 SYSTEMPATH/Config/Factories.php(188): CodeIgniter\Config\Factories::__callStatic('config', [])
 4 SYSTEMPATH/Common.php(210): CodeIgniter\Config\Factories::get('config', 'Config\\Database')
 5 SYSTEMPATH/Database/Config.php(63): config('Config\\Database')
 6 SYSTEMPATH/Model.php(155): CodeIgniter\Database\Config::connect(null)
 7 APPPATH/Controllers/Users.php(111): CodeIgniter\Model->__construct()
 8 SYSTEMPATH/CodeIgniter.php(933): App\Controllers\Users->edit('1')
 9 SYSTEMPATH/CodeIgniter.php(507): CodeIgniter\CodeIgniter->runController(Object(App\Controllers\Users))
10 SYSTEMPATH/CodeIgniter.php(354): CodeIgniter\CodeIgniter->handleRequest(null, Object(Config\Cache), false)
11 SYSTEMPATH/Boot.php(334): CodeIgniter\CodeIgniter->run()
12 SYSTEMPATH/Boot.php(67): CodeIgniter\Boot::runCodeIgniter(Object(CodeIgniter\CodeIgniter))
13 FCPATH/index.php(56): CodeIgniter\Boot::bootWeb(Object(Config\Paths))
14 SYSTEMPATH/rewrite.php(44): require_once('/var/www/html/empower-brgy/public/index.php')
WARNING - 2025-04-23 08:29:17 --> [DEPRECATED] Creation of dynamic property Config\Database::$default is deprecated in APPPATH/Config/Database.php on line 40.
 1 SYSTEMPATH/Config/Factories.php(235): Config\Database->__construct()
 2 SYSTEMPATH/Config/Factories.php(169): CodeIgniter\Config\Factories::createInstance('config', 'Config\\Database', [])
 3 SYSTEMPATH/Config/Factories.php(188): CodeIgniter\Config\Factories::__callStatic('config', [])
 4 SYSTEMPATH/Common.php(210): CodeIgniter\Config\Factories::get('config', 'Config\\Database')
 5 SYSTEMPATH/Database/Config.php(63): config('Config\\Database')
 6 SYSTEMPATH/Model.php(155): CodeIgniter\Database\Config::connect(null)
 7 APPPATH/Controllers/Users.php(11): CodeIgniter\Model->__construct()
 8 SYSTEMPATH/CodeIgniter.php(933): App\Controllers\Users->index()
 9 SYSTEMPATH/CodeIgniter.php(507): CodeIgniter\CodeIgniter->runController(Object(App\Controllers\Users))
10 SYSTEMPATH/CodeIgniter.php(354): CodeIgniter\CodeIgniter->handleRequest(null, Object(Config\Cache), false)
11 SYSTEMPATH/Boot.php(334): CodeIgniter\CodeIgniter->run()
12 SYSTEMPATH/Boot.php(67): CodeIgniter\Boot::runCodeIgniter(Object(CodeIgniter\CodeIgniter))
13 FCPATH/index.php(56): CodeIgniter\Boot::bootWeb(Object(Config\Paths))
14 SYSTEMPATH/rewrite.php(44): require_once('/var/www/html/empower-brgy/public/index.php')
DEBUG - 2025-04-23 08:29:17 --> Session: Class initialized using 'CodeIgniter\Session\Handlers\FileHandler' driver.
WARNING - 2025-04-23 08:29:17 --> [DEPRECATED] Creation of dynamic property Config\Database::$default is deprecated in APPPATH/Config/Database.php on line 40.
 1 SYSTEMPATH/Config/Factories.php(235): Config\Database->__construct()
 2 SYSTEMPATH/Config/Factories.php(169): CodeIgniter\Config\Factories::createInstance('config', 'Config\\Database', [])
 3 SYSTEMPATH/Config/Factories.php(188): CodeIgniter\Config\Factories::__callStatic('config', [])
 4 SYSTEMPATH/Common.php(210): CodeIgniter\Config\Factories::get('config', 'Config\\Database')
 5 SYSTEMPATH/Database/Config.php(63): config('Config\\Database')
 6 SYSTEMPATH/Model.php(155): CodeIgniter\Database\Config::connect(null)
 7 APPPATH/Controllers/Users.php(139): CodeIgniter\Model->__construct()
 8 SYSTEMPATH/CodeIgniter.php(933): App\Controllers\Users->fetchUsers()
 9 SYSTEMPATH/CodeIgniter.php(507): CodeIgniter\CodeIgniter->runController(Object(App\Controllers\Users))
10 SYSTEMPATH/CodeIgniter.php(354): CodeIgniter\CodeIgniter->handleRequest(null, Object(Config\Cache), false)
11 SYSTEMPATH/Boot.php(334): CodeIgniter\CodeIgniter->run()
12 SYSTEMPATH/Boot.php(67): CodeIgniter\Boot::runCodeIgniter(Object(CodeIgniter\CodeIgniter))
13 FCPATH/index.php(56): CodeIgniter\Boot::bootWeb(Object(Config\Paths))
14 SYSTEMPATH/rewrite.php(44): require_once('/var/www/html/empower-brgy/public/index.php')
DEBUG - 2025-04-23 08:29:17 --> Session: Class initialized using 'CodeIgniter\Session\Handlers\FileHandler' driver.
DEBUG - 2025-04-23 08:38:03 --> Session: Class initialized using 'CodeIgniter\Session\Handlers\FileHandler' driver.
WARNING - 2025-04-23 08:38:04 --> [DEPRECATED] Creation of dynamic property Config\Database::$default is deprecated in APPPATH/Config/Database.php on line 40.
 1 SYSTEMPATH/Config/Factories.php(235): Config\Database->__construct()
 2 SYSTEMPATH/Config/Factories.php(169): CodeIgniter\Config\Factories::createInstance('config', 'Config\\Database', [])
 3 SYSTEMPATH/Config/Factories.php(188): CodeIgniter\Config\Factories::__callStatic('config', [])
 4 SYSTEMPATH/Common.php(210): CodeIgniter\Config\Factories::get('config', 'Config\\Database')
 5 SYSTEMPATH/Database/Config.php(63): config('Config\\Database')
 6 SYSTEMPATH/Model.php(155): CodeIgniter\Database\Config::connect(null)
 7 APPPATH/Controllers/Users.php(11): CodeIgniter\Model->__construct()
 8 SYSTEMPATH/CodeIgniter.php(933): App\Controllers\Users->index()
 9 SYSTEMPATH/CodeIgniter.php(507): CodeIgniter\CodeIgniter->runController(Object(App\Controllers\Users))
10 SYSTEMPATH/CodeIgniter.php(354): CodeIgniter\CodeIgniter->handleRequest(null, Object(Config\Cache), false)
11 SYSTEMPATH/Boot.php(334): CodeIgniter\CodeIgniter->run()
12 SYSTEMPATH/Boot.php(67): CodeIgniter\Boot::runCodeIgniter(Object(CodeIgniter\CodeIgniter))
13 FCPATH/index.php(56): CodeIgniter\Boot::bootWeb(Object(Config\Paths))
14 SYSTEMPATH/rewrite.php(44): require_once('/var/www/html/empower-brgy/public/index.php')
DEBUG - 2025-04-23 08:38:04 --> Session: Class initialized using 'CodeIgniter\Session\Handlers\FileHandler' driver.
WARNING - 2025-04-23 08:38:04 --> [DEPRECATED] Creation of dynamic property Config\Database::$default is deprecated in APPPATH/Config/Database.php on line 40.
 1 SYSTEMPATH/Config/Factories.php(235): Config\Database->__construct()
 2 SYSTEMPATH/Config/Factories.php(169): CodeIgniter\Config\Factories::createInstance('config', 'Config\\Database', [])
 3 SYSTEMPATH/Config/Factories.php(188): CodeIgniter\Config\Factories::__callStatic('config', [])
 4 SYSTEMPATH/Common.php(210): CodeIgniter\Config\Factories::get('config', 'Config\\Database')
 5 SYSTEMPATH/Database/Config.php(63): config('Config\\Database')
 6 SYSTEMPATH/Model.php(155): CodeIgniter\Database\Config::connect(null)
 7 APPPATH/Controllers/Users.php(139): CodeIgniter\Model->__construct()
 8 SYSTEMPATH/CodeIgniter.php(933): App\Controllers\Users->fetchUsers()
 9 SYSTEMPATH/CodeIgniter.php(507): CodeIgniter\CodeIgniter->runController(Object(App\Controllers\Users))
10 SYSTEMPATH/CodeIgniter.php(354): CodeIgniter\CodeIgniter->handleRequest(null, Object(Config\Cache), false)
11 SYSTEMPATH/Boot.php(334): CodeIgniter\CodeIgniter->run()
12 SYSTEMPATH/Boot.php(67): CodeIgniter\Boot::runCodeIgniter(Object(CodeIgniter\CodeIgniter))
13 FCPATH/index.php(56): CodeIgniter\Boot::bootWeb(Object(Config\Paths))
14 SYSTEMPATH/rewrite.php(44): require_once('/var/www/html/empower-brgy/public/index.php')
